<?xml version="1.0" encoding="UTF-8"?>
<!-- Generated by org.testng.reporters.JUnitXMLReporter -->
<testsuite ignored="0" hostname="LAPTOP-RORK2UUF" failures="3" tests="6" name="AllPagesTest(failed)" time="45.218" errors="0" timestamp="2024-05-01T16:49:35 IST">
  <testcase classname="testcases.VerifyLoginPageWithMultipleCredentials" name="loginToApplicationMultiCredsTest" time="0.572">
    <failure type="java.lang.AssertionError" message="The following asserts failed:
	expected [https://www.saucedemo.com/] but found [https://www.saucedemo.com/inventory.html]">
      <![CDATA[java.lang.AssertionError: The following asserts failed:
expected [https://www.saucedemo.com/] but found [https://www.saucedemo.com/inventory.html]
at testcases.VerifyLoginPageWithMultipleCredentials.loginToApplicationMultiCredsTest(VerifyLoginPageWithMultipleCredentials.java:61)
at java.base/java.util.ArrayList.forEach(ArrayList.java:1511)
... Removed 29 stack frames]]>
    </failure>
  </testcase> <!-- loginToApplicationMultiCredsTest -->
  <testcase classname="testcases.VerifyLoginPageWithMultipleCredentials" name="loginToApplicationMultiCredsTest" time="0.402">
    <failure type="java.lang.AssertionError" message="The following asserts failed:
	expected [https://www.saucedemo.com/] but found [https://www.saucedemo.com/inventory.html]">
      <![CDATA[java.lang.AssertionError: The following asserts failed:
expected [https://www.saucedemo.com/] but found [https://www.saucedemo.com/inventory.html]
at testcases.VerifyLoginPageWithMultipleCredentials.loginToApplicationMultiCredsTest(VerifyLoginPageWithMultipleCredentials.java:61)
at java.base/java.util.ArrayList.forEach(ArrayList.java:1511)
... Removed 29 stack frames]]>
    </failure>
  </testcase> <!-- loginToApplicationMultiCredsTest -->
  <testcase classname="testcases.VerifyLoginPageWithMultipleCredentials" name="loginToApplicationMultiCredsTest" time="0.375">
    <failure type="java.lang.AssertionError" message="The following asserts failed:
	expected [https://www.saucedemo.com/] but found [https://www.saucedemo.com/inventory.html]">
      <![CDATA[java.lang.AssertionError: The following asserts failed:
expected [https://www.saucedemo.com/] but found [https://www.saucedemo.com/inventory.html]
at testcases.VerifyLoginPageWithMultipleCredentials.loginToApplicationMultiCredsTest(VerifyLoginPageWithMultipleCredentials.java:61)
at java.base/java.util.ArrayList.forEach(ArrayList.java:1511)
... Removed 29 stack frames]]>
    </failure>
  </testcase> <!-- loginToApplicationMultiCredsTest -->
  <testcase classname="testcases.LoginPageTestFM01" name="verifyUrlTest" time="1.495"/>
  <testcase classname="testcases.LoginPageTestFM01" name="verifyTitleTest" time="0.076"/>
  <testcase classname="testcases.LoginPageTestFM01" name="verifyLoginToApplicationTest" time="0.697"/>
</testsuite> <!-- AllPagesTest(failed) -->
