<?xml version="1.0" encoding="UTF-8"?>
<!-- Generated by org.testng.reporters.JUnitXMLReporter -->
<testsuite ignored="0" hostname="LAPTOP-RORK2UUF" failures="1" tests="22" name="AllPagesTest" time="124.182" errors="0" timestamp="2024-05-30T17:59:38 IST">
  <testcase classname="testcases.CheckOutPage01Test" name="@BeforeMethod Setup" time="9.399">
    <failure type="org.openqa.selenium.NoSuchWindowException" message="no such window: target window already closed
from unknown error: web view not found
  (Session info: chrome=125.0.6422.112)
Build info: version: &amp;apos;4.8.3&amp;apos;, revision: &amp;apos;e5e76298c3&amp;apos;
System info: os.name: &amp;apos;Windows 10&amp;apos;, os.arch: &amp;apos;amd64&amp;apos;, os.version: &amp;apos;10.0&amp;apos;, java.version: &amp;apos;17.0.10&amp;apos;
Driver info: org.openqa.selenium.chrome.ChromeDriver
Command: [b0326c4a6f430db2c7b705af17360ebb, findElement {using=xpath, value=//input[@placeholder=&amp;apos;Username&amp;apos;]}]
Capabilities {acceptInsecureCerts: false, browserName: chrome, browserVersion: 125.0.6422.112, chrome: {chromedriverVersion: 125.0.6422.78 (14db42ec38ad..., userDataDir: C:\Users\Hp\AppData\Local\T...}, fedcm:accounts: true, goog:chromeOptions: {debuggerAddress: localhost:63176}, networkConnectionEnabled: false, pageLoadStrategy: normal, platformName: WINDOWS, proxy: Proxy(), se:cdp: ws://localhost:63176/devtoo..., se:cdpVersion: 125.0.6422.112, setWindowRect: true, strictFileInteractability: false, timeouts: {implicit: 0, pageLoad: 300000, script: 30000}, unhandledPromptBehavior: dismiss and notify, webauthn:extension:credBlob: true, webauthn:extension:largeBlob: true, webauthn:extension:minPinLength: true, webauthn:extension:prf: true, webauthn:virtualAuthenticators: true}
Session ID: b0326c4a6f430db2c7b705af17360ebb">
      <![CDATA[org.openqa.selenium.NoSuchWindowException: no such window: target window already closed
from unknown error: web view not found
  (Session info: chrome=125.0.6422.112)
Build info: version: '4.8.3', revision: 'e5e76298c3'
System info: os.name: 'Windows 10', os.arch: 'amd64', os.version: '10.0', java.version: '17.0.10'
Driver info: org.openqa.selenium.chrome.ChromeDriver
Command: [b0326c4a6f430db2c7b705af17360ebb, findElement {using=xpath, value=//input[@placeholder='Username']}]
Capabilities {acceptInsecureCerts: false, browserName: chrome, browserVersion: 125.0.6422.112, chrome: {chromedriverVersion: 125.0.6422.78 (14db42ec38ad..., userDataDir: C:\Users\Hp\AppData\Local\T...}, fedcm:accounts: true, goog:chromeOptions: {debuggerAddress: localhost:63176}, networkConnectionEnabled: false, pageLoadStrategy: normal, platformName: WINDOWS, proxy: Proxy(), se:cdp: ws://localhost:63176/devtoo..., se:cdpVersion: 125.0.6422.112, setWindowRect: true, strictFileInteractability: false, timeouts: {implicit: 0, pageLoad: 300000, script: 30000}, unhandledPromptBehavior: dismiss and notify, webauthn:extension:credBlob: true, webauthn:extension:largeBlob: true, webauthn:extension:minPinLength: true, webauthn:extension:prf: true, webauthn:virtualAuthenticators: true}
Session ID: b0326c4a6f430db2c7b705af17360ebb
at org.openqa.selenium.remote.codec.w3c.W3CHttpResponseCodec.createException(W3CHttpResponseCodec.java:200)
at org.openqa.selenium.remote.codec.w3c.W3CHttpResponseCodec.decode(W3CHttpResponseCodec.java:133)
at org.openqa.selenium.remote.codec.w3c.W3CHttpResponseCodec.decode(W3CHttpResponseCodec.java:53)
at org.openqa.selenium.remote.HttpCommandExecutor.execute(HttpCommandExecutor.java:193)
at org.openqa.selenium.remote.service.DriverCommandExecutor.invokeExecute(DriverCommandExecutor.java:183)
at org.openqa.selenium.remote.service.DriverCommandExecutor.execute(DriverCommandExecutor.java:158)
at org.openqa.selenium.remote.RemoteWebDriver.execute(RemoteWebDriver.java:543)
at org.openqa.selenium.remote.ElementLocation$ElementFinder$2.findElement(ElementLocation.java:162)
at org.openqa.selenium.remote.ElementLocation.findElement(ElementLocation.java:60)
at org.openqa.selenium.remote.RemoteWebDriver.findElement(RemoteWebDriver.java:352)
at org.openqa.selenium.remote.RemoteWebDriver.findElement(RemoteWebDriver.java:344)
at org.openqa.selenium.support.pagefactory.DefaultElementLocator.findElement(DefaultElementLocator.java:70)
at org.openqa.selenium.support.pagefactory.internal.LocatingElementHandler.invoke(LocatingElementHandler.java:39)
at jdk.proxy2/jdk.proxy2.$Proxy18.sendKeys(Unknown Source)
at pages.LoginPageFM01.verifyLoginToApplication(LoginPageFM01.java:26)
at testcases.CheckOutPage01Test.Setup(CheckOutPage01Test.java:36)
at java.base/java.util.ArrayList.forEach(ArrayList.java:1511)
... Removed 36 stack frames]]>
    </failure>
  </testcase> <!-- @BeforeMethod Setup -->
  <testcase classname="testcases.CheckOutPage01Test" name="@AfterMethod closeBrowser" time="0.0">
    <skipped/>
  </testcase> <!-- @AfterMethod closeBrowser -->
  <testcase classname="testcases.CheckOutPage01Test" name="@BeforeMethod Setup" time="0.0">
    <skipped/>
  </testcase> <!-- @BeforeMethod Setup -->
  <testcase classname="testcases.CheckOutPage01Test" name="@AfterMethod closeBrowser" time="0.0">
    <skipped/>
  </testcase> <!-- @AfterMethod closeBrowser -->
  <testcase classname="testcases.CheckOutPage01Test" name="@BeforeMethod Setup" time="0.0">
    <skipped/>
  </testcase> <!-- @BeforeMethod Setup -->
  <testcase classname="testcases.CheckOutPage01Test" name="@AfterMethod closeBrowser" time="0.0">
    <skipped/>
  </testcase> <!-- @AfterMethod closeBrowser -->
  <testcase classname="testcases.CheckOutPage01Test" name="verifyClickOnCancelBtnTest" time="0.0">
    <skipped/>
  </testcase> <!-- verifyClickOnCancelBtnTest -->
  <testcase classname="testcases.CheckOutPage01Test" name="verifyContinueBtnTest" time="0.0">
    <skipped/>
  </testcase> <!-- verifyContinueBtnTest -->
  <testcase classname="testcases.CheckOutPage01Test" name="verifyPageLableTest" time="0.0">
    <skipped/>
  </testcase> <!-- verifyPageLableTest -->
  <testcase classname="testcases.LoginPageTestFM01" name="verifyUrlTest" time="1.071"/>
  <testcase classname="testcases.LoginPageTestFM01" name="verifyTitleTest" time="0.063"/>
  <testcase classname="testcases.LoginPageTestFM01" name="verifyLoginToApplicationTest" time="0.543"/>
  <testcase classname="testcases.CartPageTestFM01" name="verifyClickOnCheckoutBtnTest" time="0.153"/>
  <testcase classname="testcases.CartPageTestFM01" name="verifyContinueShoppingBtnTest" time="0.157"/>
  <testcase classname="testcases.CartPageTestFM01" name="verifyCartPageLableTest" time="0.081"/>
  <testcase classname="testcases.InventoryPageTestFM01" name="verifyClickOnCartIconTest" time="0.146"/>
  <testcase classname="testcases.InventoryPageTestFM01" name="remove4ProductTest" time="0.839"/>
  <testcase classname="testcases.InventoryPageTestFM01" name="verifyTwitterLogoTest" time="0.052"/>
  <testcase classname="testcases.InventoryPageTestFM01" name="verifyAdd6ProductTest" time="0.714"/>
  <testcase classname="testcases.InventoryPageTestFM01" name="verifyTitleTestIP" time="0.043"/>
  <testcase classname="testcases.VerifyLoginPageWithMultipleCredentials" name="loginToApplicationMultiCredsTest" time="0.0">
    <failure type="org.testng.TestNGException" message="
Method public void testcases.VerifyLoginPageWithMultipleCredentials.loginToApplicationMultiCredsTest(java.lang.String,java.lang.String) requires a @DataProvider named : Credentials2">
      <![CDATA[org.testng.TestNGException: 
Method public void testcases.VerifyLoginPageWithMultipleCredentials.loginToApplicationMultiCredsTest(java.lang.String,java.lang.String) requires a @DataProvider named : Credentials2
at java.base/java.util.ArrayList.forEach(ArrayList.java:1511)
... Removed 24 stack frames]]>
    </failure>
  </testcase> <!-- loginToApplicationMultiCredsTest -->
  <testcase classname="testcases.CheckOutPage02Test" name="cancelBtnTest" time="0.16"/>
  <testcase classname="testcases.CheckOutPage02Test" name="finishBtnTest" time="0.121"/>
  <testcase classname="testcases.CheckOutPage02Test" name="paymentInfoLableTest" time="0.065"/>
  <testcase classname="testcases.CheckOutPage02Test" name="paymentInfoValueTest" time="0.094"/>
  <testcase classname="testcases.CheckOutPage02Test" name="priceTotalLableTest" time="0.065"/>
  <testcase classname="testcases.CheckOutPage02Test" name="shippingInfoLableTest" time="0.056"/>
  <testcase classname="testcases.CheckOutPage02Test" name="verifyPageLableTest" time="2.07"/>
</testsuite> <!-- AllPagesTest -->
