<html>
<head>
<title>TestNG:  AllPagesTest</title>
<link href="../testng.css" rel="stylesheet" type="text/css" />
<link href="../my-testng.css" rel="stylesheet" type="text/css" />

<style type="text/css">
.log { display: none;} 
.stack-trace { display: none;} 
</style>
<script type="text/javascript">
<!--
function flip(e) {
  current = e.style.display;
  if (current == 'block') {
    e.style.display = 'none';
    return 0;
  }
  else {
    e.style.display = 'block';
    return 1;
  }
}

function toggleBox(szDivId, elem, msg1, msg2)
{
  var res = -1;  if (document.getElementById) {
    res = flip(document.getElementById(szDivId));
  }
  else if (document.all) {
    // this is the way old msie versions work
    res = flip(document.all[szDivId]);
  }
  if(elem) {
    if(res == 0) elem.innerHTML = msg1; else elem.innerHTML = msg2;
  }

}

function toggleAllBoxes() {
  if (document.getElementsByTagName) {
    d = document.getElementsByTagName('div');
    for (i = 0; i < d.length; i++) {
      if (d[i].className == 'log') {
        flip(d[i]);
      }
    }
  }
}

// -->
</script>

</head>
<body>
<h2 align='center'>AllPagesTest</h2><table border='1' align="center">
<tr>
<td>Tests passed/Failed/Skipped:</td><td>19/4/2</td>
</tr><tr>
<td>Started on:</td><td>Wed May 01 16:36:31 IST 2024</td>
</tr>
<tr><td>Total time:</td><td>188 seconds (188132 ms)</td>
</tr><tr>
<td>Included groups:</td><td></td>
</tr><tr>
<td>Excluded groups:</td><td></td>
</tr>
</table><p/>
<small><i>(Hover the method name to see the test class name)</i></small><p/>
<table width='100%' border='1' class='invocation-failed'>
<tr><td colspan='4' align='center'><b>FAILED TESTS</b></td></tr>
<tr><td><b>Test method</b></td>
<td><b>Attribute(s)</b></td>
<td width="30%"><b>Exception</b></td>
<td width="10%"><b>Time (seconds)</b></td>
<td><b>Instance</b></td>
</tr>
<tr>
<td title='testcases.LoginPageTestFM01.verifyUrlTest()'><b>verifyUrlTest</b><br>Test class: testcases.LoginPageTestFM01</td>
<td><div><pre>java.lang.AssertionError: expected [https://www.saucedemo.com/] but found [Swag Labs]
	at testcases.LoginPageTestFM01.verifyUrlTest(LoginPageTestFM01.java:49)
	at java.base/java.util.ArrayList.forEach(ArrayList.java:1511)
... Removed 33 stack frames</pre></div><a href='#' onClick='toggleBox("stack-trace701760998", this, "Click to show all stack frames", "Click to hide stack frames")'>Click to show all stack frames</a>
<div class='stack-trace' id='stack-trace701760998'><pre>java.lang.AssertionError: expected [https://www.saucedemo.com/] but found [Swag Labs]
	at org.testng.Assert.fail(Assert.java:110)
	at org.testng.Assert.failNotEquals(Assert.java:1577)
	at org.testng.Assert.assertEqualsImpl(Assert.java:149)
	at org.testng.Assert.assertEquals(Assert.java:131)
	at org.testng.Assert.assertEquals(Assert.java:655)
	at org.testng.Assert.assertEquals(Assert.java:665)
	at testcases.LoginPageTestFM01.verifyUrlTest(LoginPageTestFM01.java:49)
	at java.base/jdk.internal.reflect.NativeMethodAccessorImpl.invoke0(Native Method)
	at java.base/jdk.internal.reflect.NativeMethodAccessorImpl.invoke(NativeMethodAccessorImpl.java:77)
	at java.base/jdk.internal.reflect.DelegatingMethodAccessorImpl.invoke(DelegatingMethodAccessorImpl.java:43)
	at java.base/java.lang.reflect.Method.invoke(Method.java:568)
	at org.testng.internal.invokers.MethodInvocationHelper.invokeMethod(MethodInvocationHelper.java:139)
	at org.testng.internal.invokers.TestInvoker.invokeMethod(TestInvoker.java:677)
	at org.testng.internal.invokers.TestInvoker.invokeTestMethod(TestInvoker.java:221)
	at org.testng.internal.invokers.MethodRunner.runInSequence(MethodRunner.java:50)
	at org.testng.internal.invokers.TestInvoker$MethodInvocationAgent.invoke(TestInvoker.java:969)
	at org.testng.internal.invokers.TestInvoker.invokeTestMethods(TestInvoker.java:194)
	at org.testng.internal.invokers.TestMethodWorker.invokeTestMethods(TestMethodWorker.java:148)
	at org.testng.internal.invokers.TestMethodWorker.run(TestMethodWorker.java:128)
	at java.base/java.util.ArrayList.forEach(ArrayList.java:1511)
	at org.testng.TestRunner.privateRun(TestRunner.java:829)
	at org.testng.TestRunner.run(TestRunner.java:602)
	at org.testng.SuiteRunner.runTest(SuiteRunner.java:437)
	at org.testng.SuiteRunner.runSequentially(SuiteRunner.java:431)
	at org.testng.SuiteRunner.privateRun(SuiteRunner.java:391)
	at org.testng.SuiteRunner.run(SuiteRunner.java:330)
	at org.testng.SuiteRunnerWorker.runSuite(SuiteRunnerWorker.java:52)
	at org.testng.SuiteRunnerWorker.run(SuiteRunnerWorker.java:95)
	at org.testng.TestNG.runSuitesSequentially(TestNG.java:1256)
	at org.testng.TestNG.runSuitesLocally(TestNG.java:1176)
	at org.testng.TestNG.runSuites(TestNG.java:1099)
	at org.testng.TestNG.run(TestNG.java:1067)
	at org.testng.remote.AbstractRemoteTestNG.run(AbstractRemoteTestNG.java:115)
	at org.testng.remote.RemoteTestNG.initAndRun(RemoteTestNG.java:251)
	at org.testng.remote.RemoteTestNG.main(RemoteTestNG.java:77)
</pre></div></td>
<td>0</td>
<td>testcases.LoginPageTestFM01@ae13544</td></tr>
<tr>
<td title='testcases.VerifyLoginPageWithMultipleCredentials.loginToApplicationMultiCredsTest()'><b>loginToApplicationMultiCredsTest</b><br>Test class: testcases.VerifyLoginPageWithMultipleCredentials<br>Parameters: standard_user1, secret_sauce</td>
<td><div><pre>java.lang.AssertionError: The following asserts failed:
	expected [https://www.saucedemo.com/] but found [https://www.saucedemo.com/inventory.html]
	at testcases.VerifyLoginPageWithMultipleCredentials.loginToApplicationMultiCredsTest(VerifyLoginPageWithMultipleCredentials.java:61)
	at java.base/java.util.ArrayList.forEach(ArrayList.java:1511)
... Removed 29 stack frames</pre></div><a href='#' onClick='toggleBox("stack-trace1940166039", this, "Click to show all stack frames", "Click to hide stack frames")'>Click to show all stack frames</a>
<div class='stack-trace' id='stack-trace1940166039'><pre>java.lang.AssertionError: The following asserts failed:
	expected [https://www.saucedemo.com/] but found [https://www.saucedemo.com/inventory.html]
	at org.testng.asserts.SoftAssert.assertAll(SoftAssert.java:46)
	at org.testng.asserts.SoftAssert.assertAll(SoftAssert.java:30)
	at testcases.VerifyLoginPageWithMultipleCredentials.loginToApplicationMultiCredsTest(VerifyLoginPageWithMultipleCredentials.java:61)
	at java.base/jdk.internal.reflect.NativeMethodAccessorImpl.invoke0(Native Method)
	at java.base/jdk.internal.reflect.NativeMethodAccessorImpl.invoke(NativeMethodAccessorImpl.java:77)
	at java.base/jdk.internal.reflect.DelegatingMethodAccessorImpl.invoke(DelegatingMethodAccessorImpl.java:43)
	at java.base/java.lang.reflect.Method.invoke(Method.java:568)
	at org.testng.internal.invokers.MethodInvocationHelper.invokeMethod(MethodInvocationHelper.java:139)
	at org.testng.internal.invokers.TestInvoker.invokeMethod(TestInvoker.java:677)
	at org.testng.internal.invokers.TestInvoker.invokeTestMethod(TestInvoker.java:221)
	at org.testng.internal.invokers.MethodRunner.runInSequence(MethodRunner.java:50)
	at org.testng.internal.invokers.TestInvoker$MethodInvocationAgent.invoke(TestInvoker.java:969)
	at org.testng.internal.invokers.TestInvoker.invokeTestMethods(TestInvoker.java:194)
	at org.testng.internal.invokers.TestMethodWorker.invokeTestMethods(TestMethodWorker.java:148)
	at org.testng.internal.invokers.TestMethodWorker.run(TestMethodWorker.java:128)
	at java.base/java.util.ArrayList.forEach(ArrayList.java:1511)
	at org.testng.TestRunner.privateRun(TestRunner.java:829)
	at org.testng.TestRunner.run(TestRunner.java:602)
	at org.testng.SuiteRunner.runTest(SuiteRunner.java:437)
	at org.testng.SuiteRunner.runSequentially(SuiteRunner.java:431)
	at org.testng.SuiteRunner.privateRun(SuiteRunner.java:391)
	at org.testng.SuiteRunner.run(SuiteRunner.java:330)
	at org.testng.SuiteRunnerWorker.runSuite(SuiteRunnerWorker.java:52)
	at org.testng.SuiteRunnerWorker.run(SuiteRunnerWorker.java:95)
	at org.testng.TestNG.runSuitesSequentially(TestNG.java:1256)
	at org.testng.TestNG.runSuitesLocally(TestNG.java:1176)
	at org.testng.TestNG.runSuites(TestNG.java:1099)
	at org.testng.TestNG.run(TestNG.java:1067)
	at org.testng.remote.AbstractRemoteTestNG.run(AbstractRemoteTestNG.java:115)
	at org.testng.remote.RemoteTestNG.initAndRun(RemoteTestNG.java:251)
	at org.testng.remote.RemoteTestNG.main(RemoteTestNG.java:77)
</pre></div></td>
<td>0</td>
<td>testcases.VerifyLoginPageWithMultipleCredentials@4009e306</td></tr>
<tr>
<td title='testcases.VerifyLoginPageWithMultipleCredentials.loginToApplicationMultiCredsTest()'><b>loginToApplicationMultiCredsTest</b><br>Test class: testcases.VerifyLoginPageWithMultipleCredentials<br>Parameters: standard_user1, s1ecret_sauce</td>
<td><div><pre>java.lang.AssertionError: The following asserts failed:
	expected [https://www.saucedemo.com/] but found [https://www.saucedemo.com/inventory.html]
	at testcases.VerifyLoginPageWithMultipleCredentials.loginToApplicationMultiCredsTest(VerifyLoginPageWithMultipleCredentials.java:61)
	at java.base/java.util.ArrayList.forEach(ArrayList.java:1511)
... Removed 29 stack frames</pre></div><a href='#' onClick='toggleBox("stack-trace739574607", this, "Click to show all stack frames", "Click to hide stack frames")'>Click to show all stack frames</a>
<div class='stack-trace' id='stack-trace739574607'><pre>java.lang.AssertionError: The following asserts failed:
	expected [https://www.saucedemo.com/] but found [https://www.saucedemo.com/inventory.html]
	at org.testng.asserts.SoftAssert.assertAll(SoftAssert.java:46)
	at org.testng.asserts.SoftAssert.assertAll(SoftAssert.java:30)
	at testcases.VerifyLoginPageWithMultipleCredentials.loginToApplicationMultiCredsTest(VerifyLoginPageWithMultipleCredentials.java:61)
	at java.base/jdk.internal.reflect.NativeMethodAccessorImpl.invoke0(Native Method)
	at java.base/jdk.internal.reflect.NativeMethodAccessorImpl.invoke(NativeMethodAccessorImpl.java:77)
	at java.base/jdk.internal.reflect.DelegatingMethodAccessorImpl.invoke(DelegatingMethodAccessorImpl.java:43)
	at java.base/java.lang.reflect.Method.invoke(Method.java:568)
	at org.testng.internal.invokers.MethodInvocationHelper.invokeMethod(MethodInvocationHelper.java:139)
	at org.testng.internal.invokers.TestInvoker.invokeMethod(TestInvoker.java:677)
	at org.testng.internal.invokers.TestInvoker.invokeTestMethod(TestInvoker.java:221)
	at org.testng.internal.invokers.MethodRunner.runInSequence(MethodRunner.java:50)
	at org.testng.internal.invokers.TestInvoker$MethodInvocationAgent.invoke(TestInvoker.java:969)
	at org.testng.internal.invokers.TestInvoker.invokeTestMethods(TestInvoker.java:194)
	at org.testng.internal.invokers.TestMethodWorker.invokeTestMethods(TestMethodWorker.java:148)
	at org.testng.internal.invokers.TestMethodWorker.run(TestMethodWorker.java:128)
	at java.base/java.util.ArrayList.forEach(ArrayList.java:1511)
	at org.testng.TestRunner.privateRun(TestRunner.java:829)
	at org.testng.TestRunner.run(TestRunner.java:602)
	at org.testng.SuiteRunner.runTest(SuiteRunner.java:437)
	at org.testng.SuiteRunner.runSequentially(SuiteRunner.java:431)
	at org.testng.SuiteRunner.privateRun(SuiteRunner.java:391)
	at org.testng.SuiteRunner.run(SuiteRunner.java:330)
	at org.testng.SuiteRunnerWorker.runSuite(SuiteRunnerWorker.java:52)
	at org.testng.SuiteRunnerWorker.run(SuiteRunnerWorker.java:95)
	at org.testng.TestNG.runSuitesSequentially(TestNG.java:1256)
	at org.testng.TestNG.runSuitesLocally(TestNG.java:1176)
	at org.testng.TestNG.runSuites(TestNG.java:1099)
	at org.testng.TestNG.run(TestNG.java:1067)
	at org.testng.remote.AbstractRemoteTestNG.run(AbstractRemoteTestNG.java:115)
	at org.testng.remote.RemoteTestNG.initAndRun(RemoteTestNG.java:251)
	at org.testng.remote.RemoteTestNG.main(RemoteTestNG.java:77)
</pre></div></td>
<td>0</td>
<td>testcases.VerifyLoginPageWithMultipleCredentials@4009e306</td></tr>
<tr>
<td title='testcases.VerifyLoginPageWithMultipleCredentials.loginToApplicationMultiCredsTest()'><b>loginToApplicationMultiCredsTest</b><br>Test class: testcases.VerifyLoginPageWithMultipleCredentials<br>Parameters: standard_user, 1secret_sauce</td>
<td><div><pre>java.lang.AssertionError: The following asserts failed:
	expected [https://www.saucedemo.com/] but found [https://www.saucedemo.com/inventory.html]
	at testcases.VerifyLoginPageWithMultipleCredentials.loginToApplicationMultiCredsTest(VerifyLoginPageWithMultipleCredentials.java:61)
	at java.base/java.util.ArrayList.forEach(ArrayList.java:1511)
... Removed 29 stack frames</pre></div><a href='#' onClick='toggleBox("stack-trace2035099811", this, "Click to show all stack frames", "Click to hide stack frames")'>Click to show all stack frames</a>
<div class='stack-trace' id='stack-trace2035099811'><pre>java.lang.AssertionError: The following asserts failed:
	expected [https://www.saucedemo.com/] but found [https://www.saucedemo.com/inventory.html]
	at org.testng.asserts.SoftAssert.assertAll(SoftAssert.java:46)
	at org.testng.asserts.SoftAssert.assertAll(SoftAssert.java:30)
	at testcases.VerifyLoginPageWithMultipleCredentials.loginToApplicationMultiCredsTest(VerifyLoginPageWithMultipleCredentials.java:61)
	at java.base/jdk.internal.reflect.NativeMethodAccessorImpl.invoke0(Native Method)
	at java.base/jdk.internal.reflect.NativeMethodAccessorImpl.invoke(NativeMethodAccessorImpl.java:77)
	at java.base/jdk.internal.reflect.DelegatingMethodAccessorImpl.invoke(DelegatingMethodAccessorImpl.java:43)
	at java.base/java.lang.reflect.Method.invoke(Method.java:568)
	at org.testng.internal.invokers.MethodInvocationHelper.invokeMethod(MethodInvocationHelper.java:139)
	at org.testng.internal.invokers.TestInvoker.invokeMethod(TestInvoker.java:677)
	at org.testng.internal.invokers.TestInvoker.invokeTestMethod(TestInvoker.java:221)
	at org.testng.internal.invokers.MethodRunner.runInSequence(MethodRunner.java:50)
	at org.testng.internal.invokers.TestInvoker$MethodInvocationAgent.invoke(TestInvoker.java:969)
	at org.testng.internal.invokers.TestInvoker.invokeTestMethods(TestInvoker.java:194)
	at org.testng.internal.invokers.TestMethodWorker.invokeTestMethods(TestMethodWorker.java:148)
	at org.testng.internal.invokers.TestMethodWorker.run(TestMethodWorker.java:128)
	at java.base/java.util.ArrayList.forEach(ArrayList.java:1511)
	at org.testng.TestRunner.privateRun(TestRunner.java:829)
	at org.testng.TestRunner.run(TestRunner.java:602)
	at org.testng.SuiteRunner.runTest(SuiteRunner.java:437)
	at org.testng.SuiteRunner.runSequentially(SuiteRunner.java:431)
	at org.testng.SuiteRunner.privateRun(SuiteRunner.java:391)
	at org.testng.SuiteRunner.run(SuiteRunner.java:330)
	at org.testng.SuiteRunnerWorker.runSuite(SuiteRunnerWorker.java:52)
	at org.testng.SuiteRunnerWorker.run(SuiteRunnerWorker.java:95)
	at org.testng.TestNG.runSuitesSequentially(TestNG.java:1256)
	at org.testng.TestNG.runSuitesLocally(TestNG.java:1176)
	at org.testng.TestNG.runSuites(TestNG.java:1099)
	at org.testng.TestNG.run(TestNG.java:1067)
	at org.testng.remote.AbstractRemoteTestNG.run(AbstractRemoteTestNG.java:115)
	at org.testng.remote.RemoteTestNG.initAndRun(RemoteTestNG.java:251)
	at org.testng.remote.RemoteTestNG.main(RemoteTestNG.java:77)
</pre></div></td>
<td>0</td>
<td>testcases.VerifyLoginPageWithMultipleCredentials@4009e306</td></tr>
</table><p>
<table width='100%' border='1' class='invocation-passed'>
<tr><td colspan='4' align='center'><b>PASSED TESTS</b></td></tr>
<tr><td><b>Test method</b></td>
<td><b>Attribute(s)</b></td>
<td width="30%"><b>Exception</b></td>
<td width="10%"><b>Time (seconds)</b></td>
<td><b>Instance</b></td>
</tr>
<tr>
<td title='testcases.CheckOutPage01Test.verifyClickOnCancelBtnTest()'><b>verifyClickOnCancelBtnTest</b><br>Test class: testcases.CheckOutPage01Test</td>
<td></td>
<td>1</td>
<td>testcases.CheckOutPage01Test@40005471</td></tr>
<tr>
<td title='testcases.CartPageTestFM01.verifyContinueShoppingBtnTest()'><b>verifyContinueShoppingBtnTest</b><br>Test class: testcases.CartPageTestFM01</td>
<td></td>
<td>0</td>
<td>testcases.CartPageTestFM01@3d34d211</td></tr>
<tr>
<td title='testcases.CheckOutPage02Test.finishBtnTest()'><b>finishBtnTest</b><br>Test class: testcases.CheckOutPage02Test</td>
<td></td>
<td>0</td>
<td>testcases.CheckOutPage02Test@43c1b556</td></tr>
<tr>
<td title='testcases.InventoryPageTestFM01.verifyClickOnCartIconTest()'><b>verifyClickOnCartIconTest</b><br>Test class: testcases.InventoryPageTestFM01</td>
<td></td>
<td>0</td>
<td>testcases.InventoryPageTestFM01@7dc0f706</td></tr>
<tr>
<td title='testcases.CheckOutPage02Test.shippingInfoLableTest()'><b>shippingInfoLableTest</b><br>Test class: testcases.CheckOutPage02Test</td>
<td></td>
<td>0</td>
<td>testcases.CheckOutPage02Test@43c1b556</td></tr>
<tr>
<td title='testcases.VerifyLoginPageWithMultipleCredentials.loginToApplicationMultiCredsTest()'><b>loginToApplicationMultiCredsTest</b><br>Test class: testcases.VerifyLoginPageWithMultipleCredentials<br>Parameters: standard_user, secret_sauce</td>
<td></td>
<td>0</td>
<td>testcases.VerifyLoginPageWithMultipleCredentials@4009e306</td></tr>
<tr>
<td title='testcases.InventoryPageTestFM01.verifyAdd6ProductTest()'><b>verifyAdd6ProductTest</b><br>Test class: testcases.InventoryPageTestFM01</td>
<td></td>
<td>0</td>
<td>testcases.InventoryPageTestFM01@7dc0f706</td></tr>
<tr>
<td title='testcases.CheckOutPage01Test.verifyContinueBtnTest()'><b>verifyContinueBtnTest</b><br>Test class: testcases.CheckOutPage01Test</td>
<td></td>
<td>0</td>
<td>testcases.CheckOutPage01Test@40005471</td></tr>
<tr>
<td title='testcases.CheckOutPage02Test.cancelBtnTest()'><b>cancelBtnTest</b><br>Test class: testcases.CheckOutPage02Test</td>
<td></td>
<td>0</td>
<td>testcases.CheckOutPage02Test@43c1b556</td></tr>
<tr>
<td title='testcases.CheckOutPage02Test.priceTotalLableTest()'><b>priceTotalLableTest</b><br>Test class: testcases.CheckOutPage02Test</td>
<td></td>
<td>0</td>
<td>testcases.CheckOutPage02Test@43c1b556</td></tr>
<tr>
<td title='testcases.CheckOutPage01Test.verifyPageLableTest()'><b>verifyPageLableTest</b><br>Test class: testcases.CheckOutPage01Test</td>
<td></td>
<td>0</td>
<td>testcases.CheckOutPage01Test@40005471</td></tr>
<tr>
<td title='testcases.InventoryPageTestFM01.remove4ProductTest()'><b>remove4ProductTest</b><br>Test class: testcases.InventoryPageTestFM01</td>
<td></td>
<td>0</td>
<td>testcases.InventoryPageTestFM01@7dc0f706</td></tr>
<tr>
<td title='testcases.CheckOutPage02Test.paymentInfoValueTest()'><b>paymentInfoValueTest</b><br>Test class: testcases.CheckOutPage02Test</td>
<td></td>
<td>0</td>
<td>testcases.CheckOutPage02Test@43c1b556</td></tr>
<tr>
<td title='testcases.InventoryPageTestFM01.verifyTwitterLogoTest()'><b>verifyTwitterLogoTest</b><br>Test class: testcases.InventoryPageTestFM01</td>
<td></td>
<td>0</td>
<td>testcases.InventoryPageTestFM01@7dc0f706</td></tr>
<tr>
<td title='testcases.CheckOutPage02Test.verifyPageLableTest()'><b>verifyPageLableTest</b><br>Test class: testcases.CheckOutPage02Test</td>
<td></td>
<td>2</td>
<td>testcases.CheckOutPage02Test@43c1b556</td></tr>
<tr>
<td title='testcases.CartPageTestFM01.verifyCartPageLableTest()'><b>verifyCartPageLableTest</b><br>Test class: testcases.CartPageTestFM01</td>
<td></td>
<td>0</td>
<td>testcases.CartPageTestFM01@3d34d211</td></tr>
<tr>
<td title='testcases.CartPageTestFM01.verifyClickOnCheckoutBtnTest()'><b>verifyClickOnCheckoutBtnTest</b><br>Test class: testcases.CartPageTestFM01</td>
<td></td>
<td>0</td>
<td>testcases.CartPageTestFM01@3d34d211</td></tr>
<tr>
<td title='testcases.InventoryPageTestFM01.verifyTitleTestIP()'><b>verifyTitleTestIP</b><br>Test class: testcases.InventoryPageTestFM01</td>
<td></td>
<td>0</td>
<td>testcases.InventoryPageTestFM01@7dc0f706</td></tr>
<tr>
<td title='testcases.CheckOutPage02Test.paymentInfoLableTest()'><b>paymentInfoLableTest</b><br>Test class: testcases.CheckOutPage02Test</td>
<td></td>
<td>0</td>
<td>testcases.CheckOutPage02Test@43c1b556</td></tr>
</table><p>
<table width='100%' border='1' class='invocation-skipped'>
<tr><td colspan='4' align='center'><b>SKIPPED TESTS</b></td></tr>
<tr><td><b>Test method</b></td>
<td><b>Attribute(s)</b></td>
<td width="30%"><b>Exception</b></td>
<td width="10%"><b>Time (seconds)</b></td>
<td><b>Instance</b></td>
</tr>
<tr>
<td title='testcases.LoginPageTestFM01.verifyTitleTest()'><b>verifyTitleTest</b><br>Test class: testcases.LoginPageTestFM01</td>
<td><div><pre>java.lang.Throwable: Method testcases.LoginPageTestFM01.verifyTitleTest() on instance testcases.LoginPageTestFM01@ae13544 depends on not successfully finished methods 
[testcases.LoginPageTestFM01.verifyUrlTest() on instance testcases.LoginPageTestFM01@ae13544]
	at java.base/java.util.ArrayList.forEach(ArrayList.java:1511)
... Removed 18 stack frames</pre></div><a href='#' onClick='toggleBox("stack-trace123948843", this, "Click to show all stack frames", "Click to hide stack frames")'>Click to show all stack frames</a>
<div class='stack-trace' id='stack-trace123948843'><pre>java.lang.Throwable: Method testcases.LoginPageTestFM01.verifyTitleTest() on instance testcases.LoginPageTestFM01@ae13544 depends on not successfully finished methods 
[testcases.LoginPageTestFM01.verifyUrlTest() on instance testcases.LoginPageTestFM01@ae13544]
	at org.testng.internal.invokers.TestInvoker.invokeTestMethods(TestInvoker.java:150)
	at org.testng.internal.invokers.TestMethodWorker.invokeTestMethods(TestMethodWorker.java:148)
	at org.testng.internal.invokers.TestMethodWorker.run(TestMethodWorker.java:128)
	at java.base/java.util.ArrayList.forEach(ArrayList.java:1511)
	at org.testng.TestRunner.privateRun(TestRunner.java:829)
	at org.testng.TestRunner.run(TestRunner.java:602)
	at org.testng.SuiteRunner.runTest(SuiteRunner.java:437)
	at org.testng.SuiteRunner.runSequentially(SuiteRunner.java:431)
	at org.testng.SuiteRunner.privateRun(SuiteRunner.java:391)
	at org.testng.SuiteRunner.run(SuiteRunner.java:330)
	at org.testng.SuiteRunnerWorker.runSuite(SuiteRunnerWorker.java:52)
	at org.testng.SuiteRunnerWorker.run(SuiteRunnerWorker.java:95)
	at org.testng.TestNG.runSuitesSequentially(TestNG.java:1256)
	at org.testng.TestNG.runSuitesLocally(TestNG.java:1176)
	at org.testng.TestNG.runSuites(TestNG.java:1099)
	at org.testng.TestNG.run(TestNG.java:1067)
	at org.testng.remote.AbstractRemoteTestNG.run(AbstractRemoteTestNG.java:115)
	at org.testng.remote.RemoteTestNG.initAndRun(RemoteTestNG.java:251)
	at org.testng.remote.RemoteTestNG.main(RemoteTestNG.java:77)
</pre></div></td>
<td>0</td>
<td>testcases.LoginPageTestFM01@ae13544</td></tr>
<tr>
<td title='testcases.LoginPageTestFM01.verifyLoginToApplicationTest()'><b>verifyLoginToApplicationTest</b><br>Test class: testcases.LoginPageTestFM01</td>
<td><div><pre>java.lang.Throwable: Method testcases.LoginPageTestFM01.verifyLoginToApplicationTest() on instance testcases.LoginPageTestFM01@ae13544 depends on not successfully finished methods 
[testcases.LoginPageTestFM01.verifyUrlTest() on instance testcases.LoginPageTestFM01@ae13544]
	at java.base/java.util.ArrayList.forEach(ArrayList.java:1511)
... Removed 18 stack frames</pre></div><a href='#' onClick='toggleBox("stack-trace358849801", this, "Click to show all stack frames", "Click to hide stack frames")'>Click to show all stack frames</a>
<div class='stack-trace' id='stack-trace358849801'><pre>java.lang.Throwable: Method testcases.LoginPageTestFM01.verifyLoginToApplicationTest() on instance testcases.LoginPageTestFM01@ae13544 depends on not successfully finished methods 
[testcases.LoginPageTestFM01.verifyUrlTest() on instance testcases.LoginPageTestFM01@ae13544]
	at org.testng.internal.invokers.TestInvoker.invokeTestMethods(TestInvoker.java:150)
	at org.testng.internal.invokers.TestMethodWorker.invokeTestMethods(TestMethodWorker.java:148)
	at org.testng.internal.invokers.TestMethodWorker.run(TestMethodWorker.java:128)
	at java.base/java.util.ArrayList.forEach(ArrayList.java:1511)
	at org.testng.TestRunner.privateRun(TestRunner.java:829)
	at org.testng.TestRunner.run(TestRunner.java:602)
	at org.testng.SuiteRunner.runTest(SuiteRunner.java:437)
	at org.testng.SuiteRunner.runSequentially(SuiteRunner.java:431)
	at org.testng.SuiteRunner.privateRun(SuiteRunner.java:391)
	at org.testng.SuiteRunner.run(SuiteRunner.java:330)
	at org.testng.SuiteRunnerWorker.runSuite(SuiteRunnerWorker.java:52)
	at org.testng.SuiteRunnerWorker.run(SuiteRunnerWorker.java:95)
	at org.testng.TestNG.runSuitesSequentially(TestNG.java:1256)
	at org.testng.TestNG.runSuitesLocally(TestNG.java:1176)
	at org.testng.TestNG.runSuites(TestNG.java:1099)
	at org.testng.TestNG.run(TestNG.java:1067)
	at org.testng.remote.AbstractRemoteTestNG.run(AbstractRemoteTestNG.java:115)
	at org.testng.remote.RemoteTestNG.initAndRun(RemoteTestNG.java:251)
	at org.testng.remote.RemoteTestNG.main(RemoteTestNG.java:77)
</pre></div></td>
<td>0</td>
<td>testcases.LoginPageTestFM01@ae13544</td></tr>
</table><p>
</body>
</html>