<!DOCTYPE html>

<html>
  <head>
  <meta charset='utf-8'>
  <title>TestNG reports</title>

    <link type="text/css" href="testng-reports1.css" rel="stylesheet" id="ultra" />
    <link type="text/css" href="testng-reports.css" rel="stylesheet" id="retro" disabled="false"/>
    <script type="text/javascript" src="jquery-3.6.0.min.js"></script>
    <script type="text/javascript" src="testng-reports.js"></script>
    <script type="text/javascript" src="https://www.google.com/jsapi"></script>
    <script type='text/javascript'>
      google.load('visualization', '1', {packages:['table']});
      google.setOnLoadCallback(drawTable);
      var suiteTableInitFunctions = new Array();
      var suiteTableData = new Array();
    </script>
    <!--
      <script type="text/javascript" src="jquery-ui/js/jquery-ui-1.8.16.custom.min.js"></script>
     -->
  </head>

  <body>    <div class="top-banner-root">
      <span class="top-banner-title-font">Test results</span>
      <button id="button" class="button">Switch Retro Theme</button> <!-- button -->
      <br/>
      <span class="top-banner-font-1">1 suite, 1 failed test</span>
    </div> <!-- top-banner-root -->
    <div class="navigator-root">
      <div class="navigator-suite-header">
        <span>All suites</span>
        <a href="#" title="Collapse/expand all the suites" class="collapse-all-link">
          <img src="collapseall.gif" class="collapse-all-icon">
          </img> <!-- collapse-all-icon -->
        </a> <!-- collapse-all-link -->
      </div> <!-- navigator-suite-header -->
      <div class="suite">
        <div class="rounded-window">
          <div class="suite-header light-rounded-window-top">
            <a href="#" panel-name="suite-AllPagesTestSuite" class="navigator-link">
              <span class="suite-name border-failed">AllPagesTestSuite</span>
            </a> <!-- navigator-link -->
          </div> <!-- suite-header light-rounded-window-top -->
          <div class="navigator-suite-content">
            <div class="suite-section-title">
              <span>Info</span>
            </div> <!-- suite-section-title -->
            <div class="suite-section-content">
              <ul>
                <li>
                  <a href="#" panel-name="test-xml-AllPagesTestSuite" class="navigator-link ">
                    <span>C:\Users\Hp\eclipse-workspace\Framework_Model_01\testng.xml</span>
                  </a> <!-- navigator-link  -->
                </li>
                <li>
                  <a href="#" panel-name="testlist-AllPagesTestSuite" class="navigator-link ">
                    <span class="test-stats">1 test</span>
                  </a> <!-- navigator-link  -->
                </li>
                <li>
                  <a href="#" panel-name="group-AllPagesTestSuite" class="navigator-link ">
                    <span>0 groups</span>
                  </a> <!-- navigator-link  -->
                </li>
                <li>
                  <a href="#" panel-name="times-AllPagesTestSuite" class="navigator-link ">
                    <span>Times</span>
                  </a> <!-- navigator-link  -->
                </li>
                <li>
                  <a href="#" panel-name="reporter-AllPagesTestSuite" class="navigator-link ">
                    <span>Reporter output</span>
                  </a> <!-- navigator-link  -->
                </li>
                <li>
                  <a href="#" panel-name="ignored-methods-AllPagesTestSuite" class="navigator-link ">
                    <span>Ignored methods</span>
                  </a> <!-- navigator-link  -->
                </li>
                <li>
                  <a href="#" panel-name="chronological-AllPagesTestSuite" class="navigator-link ">
                    <span>Chronological view</span>
                  </a> <!-- navigator-link  -->
                </li>
              </ul>
            </div> <!-- suite-section-content -->
            <div class="result-section">
              <div class="suite-section-title">
                <span>Results</span>
              </div> <!-- suite-section-title -->
              <div class="suite-section-content">
                <ul>
                  <li>
                    <span class="method-stats">22 methods, 1 failed,  3 skipped,  18 passed</span>
                  </li>
                  <li>
                    <span class="method-list-title failed">Failed methods</span>
                    <span class="show-or-hide-methods failed">
                      <a href="#" panel-name="suite-AllPagesTestSuite" class="hide-methods failed suite-AllPagesTestSuite"> (hide)</a> <!-- hide-methods failed suite-AllPagesTestSuite -->
                      <a href="#" panel-name="suite-AllPagesTestSuite" class="show-methods failed suite-AllPagesTestSuite"> (show)</a> <!-- show-methods failed suite-AllPagesTestSuite -->
                    </span>
                    <div class="method-list-content failed suite-AllPagesTestSuite">
                      <span>
                        <img src="failed.png" width="3%"/>
                        <a href="#" panel-name="suite-AllPagesTestSuite" title="testcases.VerifyLoginPageWithMultipleCredentials" class="method navigator-link" hash-for-method="loginToApplicationMultiCredsTest">loginToApplicationMultiCredsTest</a> <!-- method navigator-link -->
                      </span>
                      <br/>
                    </div> <!-- method-list-content failed suite-AllPagesTestSuite -->
                  </li>
                  <li>
                    <span class="method-list-title skipped">Skipped methods</span>
                    <span class="show-or-hide-methods skipped">
                      <a href="#" panel-name="suite-AllPagesTestSuite" class="hide-methods skipped suite-AllPagesTestSuite"> (hide)</a> <!-- hide-methods skipped suite-AllPagesTestSuite -->
                      <a href="#" panel-name="suite-AllPagesTestSuite" class="show-methods skipped suite-AllPagesTestSuite"> (show)</a> <!-- show-methods skipped suite-AllPagesTestSuite -->
                    </span>
                    <div class="method-list-content skipped suite-AllPagesTestSuite">
                      <span>
                        <img src="skipped.png" width="3%"/>
                        <a href="#" panel-name="suite-AllPagesTestSuite" title="testcases.CheckOutPage01Test" class="method navigator-link" hash-for-method="verifyClickOnCancelBtnTest">verifyClickOnCancelBtnTest</a> <!-- method navigator-link -->
                      </span>
                      <br/>
                      <span>
                        <img src="skipped.png" width="3%"/>
                        <a href="#" panel-name="suite-AllPagesTestSuite" title="testcases.CheckOutPage01Test" class="method navigator-link" hash-for-method="verifyContinueBtnTest">verifyContinueBtnTest</a> <!-- method navigator-link -->
                      </span>
                      <br/>
                      <span>
                        <img src="skipped.png" width="3%"/>
                        <a href="#" panel-name="suite-AllPagesTestSuite" title="testcases.CheckOutPage01Test" class="method navigator-link" hash-for-method="verifyPageLableTest">verifyPageLableTest</a> <!-- method navigator-link -->
                      </span>
                      <br/>
                    </div> <!-- method-list-content skipped suite-AllPagesTestSuite -->
                  </li>
                  <li>
                    <span class="method-list-title passed">Passed methods</span>
                    <span class="show-or-hide-methods passed">
                      <a href="#" panel-name="suite-AllPagesTestSuite" class="hide-methods passed suite-AllPagesTestSuite"> (hide)</a> <!-- hide-methods passed suite-AllPagesTestSuite -->
                      <a href="#" panel-name="suite-AllPagesTestSuite" class="show-methods passed suite-AllPagesTestSuite"> (show)</a> <!-- show-methods passed suite-AllPagesTestSuite -->
                    </span>
                    <div class="method-list-content passed suite-AllPagesTestSuite">
                      <span>
                        <img src="passed.png" width="3%"/>
                        <a href="#" panel-name="suite-AllPagesTestSuite" title="testcases.CheckOutPage02Test" class="method navigator-link" hash-for-method="cancelBtnTest">cancelBtnTest</a> <!-- method navigator-link -->
                      </span>
                      <br/>
                      <span>
                        <img src="passed.png" width="3%"/>
                        <a href="#" panel-name="suite-AllPagesTestSuite" title="testcases.CheckOutPage02Test" class="method navigator-link" hash-for-method="finishBtnTest">finishBtnTest</a> <!-- method navigator-link -->
                      </span>
                      <br/>
                      <span>
                        <img src="passed.png" width="3%"/>
                        <a href="#" panel-name="suite-AllPagesTestSuite" title="testcases.CheckOutPage02Test" class="method navigator-link" hash-for-method="paymentInfoLableTest">paymentInfoLableTest</a> <!-- method navigator-link -->
                      </span>
                      <br/>
                      <span>
                        <img src="passed.png" width="3%"/>
                        <a href="#" panel-name="suite-AllPagesTestSuite" title="testcases.CheckOutPage02Test" class="method navigator-link" hash-for-method="paymentInfoValueTest">paymentInfoValueTest</a> <!-- method navigator-link -->
                      </span>
                      <br/>
                      <span>
                        <img src="passed.png" width="3%"/>
                        <a href="#" panel-name="suite-AllPagesTestSuite" title="testcases.CheckOutPage02Test" class="method navigator-link" hash-for-method="priceTotalLableTest">priceTotalLableTest</a> <!-- method navigator-link -->
                      </span>
                      <br/>
                      <span>
                        <img src="passed.png" width="3%"/>
                        <a href="#" panel-name="suite-AllPagesTestSuite" title="testcases.InventoryPageTestFM01" class="method navigator-link" hash-for-method="remove4ProductTest">remove4ProductTest</a> <!-- method navigator-link -->
                      </span>
                      <br/>
                      <span>
                        <img src="passed.png" width="3%"/>
                        <a href="#" panel-name="suite-AllPagesTestSuite" title="testcases.CheckOutPage02Test" class="method navigator-link" hash-for-method="shippingInfoLableTest">shippingInfoLableTest</a> <!-- method navigator-link -->
                      </span>
                      <br/>
                      <span>
                        <img src="passed.png" width="3%"/>
                        <a href="#" panel-name="suite-AllPagesTestSuite" title="testcases.InventoryPageTestFM01" class="method navigator-link" hash-for-method="verifyAdd6ProductTest">verifyAdd6ProductTest</a> <!-- method navigator-link -->
                      </span>
                      <br/>
                      <span>
                        <img src="passed.png" width="3%"/>
                        <a href="#" panel-name="suite-AllPagesTestSuite" title="testcases.CartPageTestFM01" class="method navigator-link" hash-for-method="verifyCartPageLableTest">verifyCartPageLableTest</a> <!-- method navigator-link -->
                      </span>
                      <br/>
                      <span>
                        <img src="passed.png" width="3%"/>
                        <a href="#" panel-name="suite-AllPagesTestSuite" title="testcases.InventoryPageTestFM01" class="method navigator-link" hash-for-method="verifyClickOnCartIconTest">verifyClickOnCartIconTest</a> <!-- method navigator-link -->
                      </span>
                      <br/>
                      <span>
                        <img src="passed.png" width="3%"/>
                        <a href="#" panel-name="suite-AllPagesTestSuite" title="testcases.CartPageTestFM01" class="method navigator-link" hash-for-method="verifyClickOnCheckoutBtnTest">verifyClickOnCheckoutBtnTest</a> <!-- method navigator-link -->
                      </span>
                      <br/>
                      <span>
                        <img src="passed.png" width="3%"/>
                        <a href="#" panel-name="suite-AllPagesTestSuite" title="testcases.CartPageTestFM01" class="method navigator-link" hash-for-method="verifyContinueShoppingBtnTest">verifyContinueShoppingBtnTest</a> <!-- method navigator-link -->
                      </span>
                      <br/>
                      <span>
                        <img src="passed.png" width="3%"/>
                        <a href="#" panel-name="suite-AllPagesTestSuite" title="testcases.LoginPageTestFM01" class="method navigator-link" hash-for-method="verifyLoginToApplicationTest">verifyLoginToApplicationTest</a> <!-- method navigator-link -->
                      </span>
                      <br/>
                      <span>
                        <img src="passed.png" width="3%"/>
                        <a href="#" panel-name="suite-AllPagesTestSuite" title="testcases.CheckOutPage02Test" class="method navigator-link" hash-for-method="verifyPageLableTest">verifyPageLableTest</a> <!-- method navigator-link -->
                      </span>
                      <br/>
                      <span>
                        <img src="passed.png" width="3%"/>
                        <a href="#" panel-name="suite-AllPagesTestSuite" title="testcases.LoginPageTestFM01" class="method navigator-link" hash-for-method="verifyTitleTest">verifyTitleTest</a> <!-- method navigator-link -->
                      </span>
                      <br/>
                      <span>
                        <img src="passed.png" width="3%"/>
                        <a href="#" panel-name="suite-AllPagesTestSuite" title="testcases.InventoryPageTestFM01" class="method navigator-link" hash-for-method="verifyTitleTestIP">verifyTitleTestIP</a> <!-- method navigator-link -->
                      </span>
                      <br/>
                      <span>
                        <img src="passed.png" width="3%"/>
                        <a href="#" panel-name="suite-AllPagesTestSuite" title="testcases.InventoryPageTestFM01" class="method navigator-link" hash-for-method="verifyTwitterLogoTest">verifyTwitterLogoTest</a> <!-- method navigator-link -->
                      </span>
                      <br/>
                      <span>
                        <img src="passed.png" width="3%"/>
                        <a href="#" panel-name="suite-AllPagesTestSuite" title="testcases.LoginPageTestFM01" class="method navigator-link" hash-for-method="verifyUrlTest">verifyUrlTest</a> <!-- method navigator-link -->
                      </span>
                      <br/>
                    </div> <!-- method-list-content passed suite-AllPagesTestSuite -->
                  </li>
                </ul>
              </div> <!-- suite-section-content -->
            </div> <!-- result-section -->
          </div> <!-- navigator-suite-content -->
        </div> <!-- rounded-window -->
      </div> <!-- suite -->
    </div> <!-- navigator-root -->
    <div class="wrapper">
      <div class="main-panel-root">
        <div panel-name="suite-AllPagesTestSuite" class="panel AllPagesTestSuite">
          <div class="suite-AllPagesTestSuite-class-failed">
            <div class="main-panel-header rounded-window-top">
              <img src="failed.png"/>
              <span class="class-name">testcases.VerifyLoginPageWithMultipleCredentials</span>
            </div> <!-- main-panel-header rounded-window-top -->
            <div class="main-panel-content rounded-window-bottom">
              <div class="method">
                <div class="method-content">
                  <a name="loginToApplicationMultiCredsTest">
                  </a> <!-- loginToApplicationMultiCredsTest -->
                  <span class="method-name">loginToApplicationMultiCredsTest</span>
                  <div class="stack-trace">org.testng.TestNGException: 
Method public void testcases.VerifyLoginPageWithMultipleCredentials.loginToApplicationMultiCredsTest(java.lang.String,java.lang.String) requires a @DataProvider named : Credentials2
	at java.base/java.util.ArrayList.forEach(ArrayList.java:1511)
... Removed 24 stack frames
</div> <!-- stack-trace -->
                </div> <!-- method-content -->
              </div> <!-- method -->
            </div> <!-- main-panel-content rounded-window-bottom -->
          </div> <!-- suite-AllPagesTestSuite-class-failed -->
          <div class="suite-AllPagesTestSuite-class-skipped">
            <div class="main-panel-header rounded-window-top">
              <img src="skipped.png"/>
              <span class="class-name">testcases.CheckOutPage01Test</span>
            </div> <!-- main-panel-header rounded-window-top -->
            <div class="main-panel-content rounded-window-bottom">
              <div class="method">
                <div class="method-content">
                  <a name="verifyClickOnCancelBtnTest">
                  </a> <!-- verifyClickOnCancelBtnTest -->
                  <span class="method-name">verifyClickOnCancelBtnTest</span>
                  <div class="stack-trace">org.openqa.selenium.NoSuchWindowException: no such window: target window already closed
from unknown error: web view not found
  (Session info: chrome=125.0.6422.112)
Build info: version: &apos;4.8.3&apos;, revision: &apos;e5e76298c3&apos;
System info: os.name: &apos;Windows 10&apos;, os.arch: &apos;amd64&apos;, os.version: &apos;10.0&apos;, java.version: &apos;17.0.10&apos;
Driver info: org.openqa.selenium.chrome.ChromeDriver
Command: [b0326c4a6f430db2c7b705af17360ebb, findElement {using=xpath, value=//input[@placeholder=&apos;Username&apos;]}]
Capabilities {acceptInsecureCerts: false, browserName: chrome, browserVersion: 125.0.6422.112, chrome: {chromedriverVersion: 125.0.6422.78 (14db42ec38ad..., userDataDir: C:\Users\Hp\AppData\Local\T...}, fedcm:accounts: true, goog:chromeOptions: {debuggerAddress: localhost:63176}, networkConnectionEnabled: false, pageLoadStrategy: normal, platformName: WINDOWS, proxy: Proxy(), se:cdp: ws://localhost:63176/devtoo..., se:cdpVersion: 125.0.6422.112, setWindowRect: true, strictFileInteractability: false, timeouts: {implicit: 0, pageLoad: 300000, script: 30000}, unhandledPromptBehavior: dismiss and notify, webauthn:extension:credBlob: true, webauthn:extension:largeBlob: true, webauthn:extension:minPinLength: true, webauthn:extension:prf: true, webauthn:virtualAuthenticators: true}
Session ID: b0326c4a6f430db2c7b705af17360ebb
	at org.openqa.selenium.remote.codec.w3c.W3CHttpResponseCodec.createException(W3CHttpResponseCodec.java:200)
	at org.openqa.selenium.remote.codec.w3c.W3CHttpResponseCodec.decode(W3CHttpResponseCodec.java:133)
	at org.openqa.selenium.remote.codec.w3c.W3CHttpResponseCodec.decode(W3CHttpResponseCodec.java:53)
	at org.openqa.selenium.remote.HttpCommandExecutor.execute(HttpCommandExecutor.java:193)
	at org.openqa.selenium.remote.service.DriverCommandExecutor.invokeExecute(DriverCommandExecutor.java:183)
	at org.openqa.selenium.remote.service.DriverCommandExecutor.execute(DriverCommandExecutor.java:158)
	at org.openqa.selenium.remote.RemoteWebDriver.execute(RemoteWebDriver.java:543)
	at org.openqa.selenium.remote.ElementLocation$ElementFinder$2.findElement(ElementLocation.java:162)
	at org.openqa.selenium.remote.ElementLocation.findElement(ElementLocation.java:60)
	at org.openqa.selenium.remote.RemoteWebDriver.findElement(RemoteWebDriver.java:352)
	at org.openqa.selenium.remote.RemoteWebDriver.findElement(RemoteWebDriver.java:344)
	at org.openqa.selenium.support.pagefactory.DefaultElementLocator.findElement(DefaultElementLocator.java:70)
	at org.openqa.selenium.support.pagefactory.internal.LocatingElementHandler.invoke(LocatingElementHandler.java:39)
	at jdk.proxy2/jdk.proxy2.$Proxy18.sendKeys(Unknown Source)
	at pages.LoginPageFM01.verifyLoginToApplication(LoginPageFM01.java:26)
	at testcases.CheckOutPage01Test.Setup(CheckOutPage01Test.java:36)
	at java.base/java.util.ArrayList.forEach(ArrayList.java:1511)
... Removed 36 stack frames
</div> <!-- stack-trace -->
                </div> <!-- method-content -->
              </div> <!-- method -->
              <div class="method">
                <div class="method-content">
                  <a name="verifyContinueBtnTest">
                  </a> <!-- verifyContinueBtnTest -->
                  <span class="method-name">verifyContinueBtnTest</span>
                  <div class="stack-trace">org.openqa.selenium.NoSuchWindowException: no such window: target window already closed
from unknown error: web view not found
  (Session info: chrome=125.0.6422.112)
Build info: version: &apos;4.8.3&apos;, revision: &apos;e5e76298c3&apos;
System info: os.name: &apos;Windows 10&apos;, os.arch: &apos;amd64&apos;, os.version: &apos;10.0&apos;, java.version: &apos;17.0.10&apos;
Driver info: org.openqa.selenium.chrome.ChromeDriver
Command: [b0326c4a6f430db2c7b705af17360ebb, findElement {using=xpath, value=//input[@placeholder=&apos;Username&apos;]}]
Capabilities {acceptInsecureCerts: false, browserName: chrome, browserVersion: 125.0.6422.112, chrome: {chromedriverVersion: 125.0.6422.78 (14db42ec38ad..., userDataDir: C:\Users\Hp\AppData\Local\T...}, fedcm:accounts: true, goog:chromeOptions: {debuggerAddress: localhost:63176}, networkConnectionEnabled: false, pageLoadStrategy: normal, platformName: WINDOWS, proxy: Proxy(), se:cdp: ws://localhost:63176/devtoo..., se:cdpVersion: 125.0.6422.112, setWindowRect: true, strictFileInteractability: false, timeouts: {implicit: 0, pageLoad: 300000, script: 30000}, unhandledPromptBehavior: dismiss and notify, webauthn:extension:credBlob: true, webauthn:extension:largeBlob: true, webauthn:extension:minPinLength: true, webauthn:extension:prf: true, webauthn:virtualAuthenticators: true}
Session ID: b0326c4a6f430db2c7b705af17360ebb
	at org.openqa.selenium.remote.codec.w3c.W3CHttpResponseCodec.createException(W3CHttpResponseCodec.java:200)
	at org.openqa.selenium.remote.codec.w3c.W3CHttpResponseCodec.decode(W3CHttpResponseCodec.java:133)
	at org.openqa.selenium.remote.codec.w3c.W3CHttpResponseCodec.decode(W3CHttpResponseCodec.java:53)
	at org.openqa.selenium.remote.HttpCommandExecutor.execute(HttpCommandExecutor.java:193)
	at org.openqa.selenium.remote.service.DriverCommandExecutor.invokeExecute(DriverCommandExecutor.java:183)
	at org.openqa.selenium.remote.service.DriverCommandExecutor.execute(DriverCommandExecutor.java:158)
	at org.openqa.selenium.remote.RemoteWebDriver.execute(RemoteWebDriver.java:543)
	at org.openqa.selenium.remote.ElementLocation$ElementFinder$2.findElement(ElementLocation.java:162)
	at org.openqa.selenium.remote.ElementLocation.findElement(ElementLocation.java:60)
	at org.openqa.selenium.remote.RemoteWebDriver.findElement(RemoteWebDriver.java:352)
	at org.openqa.selenium.remote.RemoteWebDriver.findElement(RemoteWebDriver.java:344)
	at org.openqa.selenium.support.pagefactory.DefaultElementLocator.findElement(DefaultElementLocator.java:70)
	at org.openqa.selenium.support.pagefactory.internal.LocatingElementHandler.invoke(LocatingElementHandler.java:39)
	at jdk.proxy2/jdk.proxy2.$Proxy18.sendKeys(Unknown Source)
	at pages.LoginPageFM01.verifyLoginToApplication(LoginPageFM01.java:26)
	at testcases.CheckOutPage01Test.Setup(CheckOutPage01Test.java:36)
	at java.base/java.util.ArrayList.forEach(ArrayList.java:1511)
... Removed 36 stack frames
</div> <!-- stack-trace -->
                </div> <!-- method-content -->
              </div> <!-- method -->
              <div class="method">
                <div class="method-content">
                  <a name="verifyPageLableTest">
                  </a> <!-- verifyPageLableTest -->
                  <span class="method-name">verifyPageLableTest</span>
                  <div class="stack-trace">org.openqa.selenium.NoSuchWindowException: no such window: target window already closed
from unknown error: web view not found
  (Session info: chrome=125.0.6422.112)
Build info: version: &apos;4.8.3&apos;, revision: &apos;e5e76298c3&apos;
System info: os.name: &apos;Windows 10&apos;, os.arch: &apos;amd64&apos;, os.version: &apos;10.0&apos;, java.version: &apos;17.0.10&apos;
Driver info: org.openqa.selenium.chrome.ChromeDriver
Command: [b0326c4a6f430db2c7b705af17360ebb, findElement {using=xpath, value=//input[@placeholder=&apos;Username&apos;]}]
Capabilities {acceptInsecureCerts: false, browserName: chrome, browserVersion: 125.0.6422.112, chrome: {chromedriverVersion: 125.0.6422.78 (14db42ec38ad..., userDataDir: C:\Users\Hp\AppData\Local\T...}, fedcm:accounts: true, goog:chromeOptions: {debuggerAddress: localhost:63176}, networkConnectionEnabled: false, pageLoadStrategy: normal, platformName: WINDOWS, proxy: Proxy(), se:cdp: ws://localhost:63176/devtoo..., se:cdpVersion: 125.0.6422.112, setWindowRect: true, strictFileInteractability: false, timeouts: {implicit: 0, pageLoad: 300000, script: 30000}, unhandledPromptBehavior: dismiss and notify, webauthn:extension:credBlob: true, webauthn:extension:largeBlob: true, webauthn:extension:minPinLength: true, webauthn:extension:prf: true, webauthn:virtualAuthenticators: true}
Session ID: b0326c4a6f430db2c7b705af17360ebb
	at org.openqa.selenium.remote.codec.w3c.W3CHttpResponseCodec.createException(W3CHttpResponseCodec.java:200)
	at org.openqa.selenium.remote.codec.w3c.W3CHttpResponseCodec.decode(W3CHttpResponseCodec.java:133)
	at org.openqa.selenium.remote.codec.w3c.W3CHttpResponseCodec.decode(W3CHttpResponseCodec.java:53)
	at org.openqa.selenium.remote.HttpCommandExecutor.execute(HttpCommandExecutor.java:193)
	at org.openqa.selenium.remote.service.DriverCommandExecutor.invokeExecute(DriverCommandExecutor.java:183)
	at org.openqa.selenium.remote.service.DriverCommandExecutor.execute(DriverCommandExecutor.java:158)
	at org.openqa.selenium.remote.RemoteWebDriver.execute(RemoteWebDriver.java:543)
	at org.openqa.selenium.remote.ElementLocation$ElementFinder$2.findElement(ElementLocation.java:162)
	at org.openqa.selenium.remote.ElementLocation.findElement(ElementLocation.java:60)
	at org.openqa.selenium.remote.RemoteWebDriver.findElement(RemoteWebDriver.java:352)
	at org.openqa.selenium.remote.RemoteWebDriver.findElement(RemoteWebDriver.java:344)
	at org.openqa.selenium.support.pagefactory.DefaultElementLocator.findElement(DefaultElementLocator.java:70)
	at org.openqa.selenium.support.pagefactory.internal.LocatingElementHandler.invoke(LocatingElementHandler.java:39)
	at jdk.proxy2/jdk.proxy2.$Proxy18.sendKeys(Unknown Source)
	at pages.LoginPageFM01.verifyLoginToApplication(LoginPageFM01.java:26)
	at testcases.CheckOutPage01Test.Setup(CheckOutPage01Test.java:36)
	at java.base/java.util.ArrayList.forEach(ArrayList.java:1511)
... Removed 36 stack frames
</div> <!-- stack-trace -->
                </div> <!-- method-content -->
              </div> <!-- method -->
            </div> <!-- main-panel-content rounded-window-bottom -->
          </div> <!-- suite-AllPagesTestSuite-class-skipped -->
          <div class="suite-AllPagesTestSuite-class-passed">
            <div class="main-panel-header rounded-window-top">
              <img src="passed.png"/>
              <span class="class-name">testcases.InventoryPageTestFM01</span>
            </div> <!-- main-panel-header rounded-window-top -->
            <div class="main-panel-content rounded-window-bottom">
              <div class="method">
                <div class="method-content">
                  <a name="remove4ProductTest">
                  </a> <!-- remove4ProductTest -->
                  <span class="method-name">remove4ProductTest</span>
                </div> <!-- method-content -->
              </div> <!-- method -->
              <div class="method">
                <div class="method-content">
                  <a name="verifyAdd6ProductTest">
                  </a> <!-- verifyAdd6ProductTest -->
                  <span class="method-name">verifyAdd6ProductTest</span>
                </div> <!-- method-content -->
              </div> <!-- method -->
              <div class="method">
                <div class="method-content">
                  <a name="verifyClickOnCartIconTest">
                  </a> <!-- verifyClickOnCartIconTest -->
                  <span class="method-name">verifyClickOnCartIconTest</span>
                </div> <!-- method-content -->
              </div> <!-- method -->
              <div class="method">
                <div class="method-content">
                  <a name="verifyTitleTestIP">
                  </a> <!-- verifyTitleTestIP -->
                  <span class="method-name">verifyTitleTestIP</span>
                </div> <!-- method-content -->
              </div> <!-- method -->
              <div class="method">
                <div class="method-content">
                  <a name="verifyTwitterLogoTest">
                  </a> <!-- verifyTwitterLogoTest -->
                  <span class="method-name">verifyTwitterLogoTest</span>
                </div> <!-- method-content -->
              </div> <!-- method -->
            </div> <!-- main-panel-content rounded-window-bottom -->
          </div> <!-- suite-AllPagesTestSuite-class-passed -->
          <div class="suite-AllPagesTestSuite-class-passed">
            <div class="main-panel-header rounded-window-top">
              <img src="passed.png"/>
              <span class="class-name">testcases.CheckOutPage02Test</span>
            </div> <!-- main-panel-header rounded-window-top -->
            <div class="main-panel-content rounded-window-bottom">
              <div class="method">
                <div class="method-content">
                  <a name="cancelBtnTest">
                  </a> <!-- cancelBtnTest -->
                  <span class="method-name">cancelBtnTest</span>
                </div> <!-- method-content -->
              </div> <!-- method -->
              <div class="method">
                <div class="method-content">
                  <a name="finishBtnTest">
                  </a> <!-- finishBtnTest -->
                  <span class="method-name">finishBtnTest</span>
                </div> <!-- method-content -->
              </div> <!-- method -->
              <div class="method">
                <div class="method-content">
                  <a name="paymentInfoLableTest">
                  </a> <!-- paymentInfoLableTest -->
                  <span class="method-name">paymentInfoLableTest</span>
                </div> <!-- method-content -->
              </div> <!-- method -->
              <div class="method">
                <div class="method-content">
                  <a name="paymentInfoValueTest">
                  </a> <!-- paymentInfoValueTest -->
                  <span class="method-name">paymentInfoValueTest</span>
                </div> <!-- method-content -->
              </div> <!-- method -->
              <div class="method">
                <div class="method-content">
                  <a name="priceTotalLableTest">
                  </a> <!-- priceTotalLableTest -->
                  <span class="method-name">priceTotalLableTest</span>
                </div> <!-- method-content -->
              </div> <!-- method -->
              <div class="method">
                <div class="method-content">
                  <a name="shippingInfoLableTest">
                  </a> <!-- shippingInfoLableTest -->
                  <span class="method-name">shippingInfoLableTest</span>
                </div> <!-- method-content -->
              </div> <!-- method -->
              <div class="method">
                <div class="method-content">
                  <a name="verifyPageLableTest">
                  </a> <!-- verifyPageLableTest -->
                  <span class="method-name">verifyPageLableTest</span>
                </div> <!-- method-content -->
              </div> <!-- method -->
            </div> <!-- main-panel-content rounded-window-bottom -->
          </div> <!-- suite-AllPagesTestSuite-class-passed -->
          <div class="suite-AllPagesTestSuite-class-passed">
            <div class="main-panel-header rounded-window-top">
              <img src="passed.png"/>
              <span class="class-name">testcases.CartPageTestFM01</span>
            </div> <!-- main-panel-header rounded-window-top -->
            <div class="main-panel-content rounded-window-bottom">
              <div class="method">
                <div class="method-content">
                  <a name="verifyCartPageLableTest">
                  </a> <!-- verifyCartPageLableTest -->
                  <span class="method-name">verifyCartPageLableTest</span>
                </div> <!-- method-content -->
              </div> <!-- method -->
              <div class="method">
                <div class="method-content">
                  <a name="verifyClickOnCheckoutBtnTest">
                  </a> <!-- verifyClickOnCheckoutBtnTest -->
                  <span class="method-name">verifyClickOnCheckoutBtnTest</span>
                </div> <!-- method-content -->
              </div> <!-- method -->
              <div class="method">
                <div class="method-content">
                  <a name="verifyContinueShoppingBtnTest">
                  </a> <!-- verifyContinueShoppingBtnTest -->
                  <span class="method-name">verifyContinueShoppingBtnTest</span>
                </div> <!-- method-content -->
              </div> <!-- method -->
            </div> <!-- main-panel-content rounded-window-bottom -->
          </div> <!-- suite-AllPagesTestSuite-class-passed -->
          <div class="suite-AllPagesTestSuite-class-passed">
            <div class="main-panel-header rounded-window-top">
              <img src="passed.png"/>
              <span class="class-name">testcases.LoginPageTestFM01</span>
            </div> <!-- main-panel-header rounded-window-top -->
            <div class="main-panel-content rounded-window-bottom">
              <div class="method">
                <div class="method-content">
                  <a name="verifyLoginToApplicationTest">
                  </a> <!-- verifyLoginToApplicationTest -->
                  <span class="method-name">verifyLoginToApplicationTest</span>
                </div> <!-- method-content -->
              </div> <!-- method -->
              <div class="method">
                <div class="method-content">
                  <a name="verifyTitleTest">
                  </a> <!-- verifyTitleTest -->
                  <span class="method-name">verifyTitleTest</span>
                </div> <!-- method-content -->
              </div> <!-- method -->
              <div class="method">
                <div class="method-content">
                  <a name="verifyUrlTest">
                  </a> <!-- verifyUrlTest -->
                  <span class="method-name">verifyUrlTest</span>
                </div> <!-- method-content -->
              </div> <!-- method -->
            </div> <!-- main-panel-content rounded-window-bottom -->
          </div> <!-- suite-AllPagesTestSuite-class-passed -->
        </div> <!-- panel AllPagesTestSuite -->
        <div panel-name="test-xml-AllPagesTestSuite" class="panel">
          <div class="main-panel-header rounded-window-top">
            <span class="header-content">C:\Users\Hp\eclipse-workspace\Framework_Model_01\testng.xml</span>
          </div> <!-- main-panel-header rounded-window-top -->
          <div class="main-panel-content rounded-window-bottom">
            <pre>
&lt;?xml version=&quot;1.0&quot; encoding=&quot;UTF-8&quot;?&gt;
&lt;!DOCTYPE suite SYSTEM &quot;https://testng.org/testng-1.0.dtd&quot;&gt;
&lt;suite name=&quot;AllPagesTestSuite&quot; guice-stage=&quot;DEVELOPMENT&quot;&gt;
  &lt;test thread-count=&quot;5&quot; name=&quot;AllPagesTest&quot;&gt;
    &lt;classes&gt;
      &lt;class name=&quot;testcases.CheckOutPage01Test&quot;/&gt;
      &lt;class name=&quot;testcases.LoginPageTestFM01&quot;/&gt;
      &lt;class name=&quot;testcases.CartPageTestFM01&quot;/&gt;
      &lt;class name=&quot;testcases.InventoryPageTestFM01&quot;/&gt;
      &lt;class name=&quot;testcases.VerifyLoginPageWithMultipleCredentials&quot;/&gt;
      &lt;class name=&quot;testcases.CheckOutPage02Test&quot;/&gt;
    &lt;/classes&gt;
  &lt;/test&gt; &lt;!-- AllPagesTest --&gt;
&lt;/suite&gt; &lt;!-- AllPagesTestSuite --&gt;
            </pre>
          </div> <!-- main-panel-content rounded-window-bottom -->
        </div> <!-- panel -->
        <div panel-name="testlist-AllPagesTestSuite" class="panel">
          <div class="main-panel-header rounded-window-top">
            <span class="header-content">Tests for AllPagesTestSuite</span>
          </div> <!-- main-panel-header rounded-window-top -->
          <div class="main-panel-content rounded-window-bottom">
            <ul>
              <li>
                <span class="test-name">AllPagesTest (6 classes)</span>
              </li>
            </ul>
          </div> <!-- main-panel-content rounded-window-bottom -->
        </div> <!-- panel -->
        <div panel-name="group-AllPagesTestSuite" class="panel">
          <div class="main-panel-header rounded-window-top">
            <span class="header-content">Groups for AllPagesTestSuite</span>
          </div> <!-- main-panel-header rounded-window-top -->
          <div class="main-panel-content rounded-window-bottom">
          </div> <!-- main-panel-content rounded-window-bottom -->
        </div> <!-- panel -->
        <div panel-name="times-AllPagesTestSuite" class="panel">
          <div class="main-panel-header rounded-window-top">
            <span class="header-content">Times for AllPagesTestSuite</span>
          </div> <!-- main-panel-header rounded-window-top -->
          <div class="main-panel-content rounded-window-bottom">
            <div class="times-div">
              <script type="text/javascript">
suiteTableInitFunctions.push('tableData_AllPagesTestSuite');
function tableData_AllPagesTestSuite() {
var data = new google.visualization.DataTable();
data.addColumn('number', 'Number');
data.addColumn('string', 'Method');
data.addColumn('string', 'Class');
data.addColumn('number', 'Time (ms)');
data.addRows(22);
data.setCell(0, 0, 0)
data.setCell(0, 1, 'verifyPageLableTest')
data.setCell(0, 2, 'testcases.CheckOutPage02Test')
data.setCell(0, 3, 2070);
data.setCell(1, 0, 1)
data.setCell(1, 1, 'verifyUrlTest')
data.setCell(1, 2, 'testcases.LoginPageTestFM01')
data.setCell(1, 3, 1071);
data.setCell(2, 0, 2)
data.setCell(2, 1, 'remove4ProductTest')
data.setCell(2, 2, 'testcases.InventoryPageTestFM01')
data.setCell(2, 3, 839);
data.setCell(3, 0, 3)
data.setCell(3, 1, 'verifyAdd6ProductTest')
data.setCell(3, 2, 'testcases.InventoryPageTestFM01')
data.setCell(3, 3, 714);
data.setCell(4, 0, 4)
data.setCell(4, 1, 'verifyLoginToApplicationTest')
data.setCell(4, 2, 'testcases.LoginPageTestFM01')
data.setCell(4, 3, 543);
data.setCell(5, 0, 5)
data.setCell(5, 1, 'cancelBtnTest')
data.setCell(5, 2, 'testcases.CheckOutPage02Test')
data.setCell(5, 3, 160);
data.setCell(6, 0, 6)
data.setCell(6, 1, 'verifyContinueShoppingBtnTest')
data.setCell(6, 2, 'testcases.CartPageTestFM01')
data.setCell(6, 3, 157);
data.setCell(7, 0, 7)
data.setCell(7, 1, 'verifyClickOnCheckoutBtnTest')
data.setCell(7, 2, 'testcases.CartPageTestFM01')
data.setCell(7, 3, 153);
data.setCell(8, 0, 8)
data.setCell(8, 1, 'verifyClickOnCartIconTest')
data.setCell(8, 2, 'testcases.InventoryPageTestFM01')
data.setCell(8, 3, 146);
data.setCell(9, 0, 9)
data.setCell(9, 1, 'finishBtnTest')
data.setCell(9, 2, 'testcases.CheckOutPage02Test')
data.setCell(9, 3, 121);
data.setCell(10, 0, 10)
data.setCell(10, 1, 'paymentInfoValueTest')
data.setCell(10, 2, 'testcases.CheckOutPage02Test')
data.setCell(10, 3, 94);
data.setCell(11, 0, 11)
data.setCell(11, 1, 'verifyCartPageLableTest')
data.setCell(11, 2, 'testcases.CartPageTestFM01')
data.setCell(11, 3, 81);
data.setCell(12, 0, 12)
data.setCell(12, 1, 'priceTotalLableTest')
data.setCell(12, 2, 'testcases.CheckOutPage02Test')
data.setCell(12, 3, 65);
data.setCell(13, 0, 13)
data.setCell(13, 1, 'paymentInfoLableTest')
data.setCell(13, 2, 'testcases.CheckOutPage02Test')
data.setCell(13, 3, 65);
data.setCell(14, 0, 14)
data.setCell(14, 1, 'verifyTitleTest')
data.setCell(14, 2, 'testcases.LoginPageTestFM01')
data.setCell(14, 3, 63);
data.setCell(15, 0, 15)
data.setCell(15, 1, 'shippingInfoLableTest')
data.setCell(15, 2, 'testcases.CheckOutPage02Test')
data.setCell(15, 3, 56);
data.setCell(16, 0, 16)
data.setCell(16, 1, 'verifyTwitterLogoTest')
data.setCell(16, 2, 'testcases.InventoryPageTestFM01')
data.setCell(16, 3, 52);
data.setCell(17, 0, 17)
data.setCell(17, 1, 'verifyTitleTestIP')
data.setCell(17, 2, 'testcases.InventoryPageTestFM01')
data.setCell(17, 3, 43);
data.setCell(18, 0, 18)
data.setCell(18, 1, 'loginToApplicationMultiCredsTest')
data.setCell(18, 2, 'testcases.VerifyLoginPageWithMultipleCredentials')
data.setCell(18, 3, 0);
data.setCell(19, 0, 19)
data.setCell(19, 1, 'verifyClickOnCancelBtnTest')
data.setCell(19, 2, 'testcases.CheckOutPage01Test')
data.setCell(19, 3, 0);
data.setCell(20, 0, 20)
data.setCell(20, 1, 'verifyContinueBtnTest')
data.setCell(20, 2, 'testcases.CheckOutPage01Test')
data.setCell(20, 3, 0);
data.setCell(21, 0, 21)
data.setCell(21, 1, 'verifyPageLableTest')
data.setCell(21, 2, 'testcases.CheckOutPage01Test')
data.setCell(21, 3, 0);
window.suiteTableData['AllPagesTestSuite']= { tableData: data, tableDiv: 'times-div-AllPagesTestSuite'}
return data;
}
              </script>
              <span class="suite-total-time">Total running time: 6 seconds</span>
              <div id="times-div-AllPagesTestSuite">
              </div> <!-- times-div-AllPagesTestSuite -->
            </div> <!-- times-div -->
          </div> <!-- main-panel-content rounded-window-bottom -->
        </div> <!-- panel -->
        <div panel-name="reporter-AllPagesTestSuite" class="panel">
          <div class="main-panel-header rounded-window-top">
            <span class="header-content">Reporter output for AllPagesTestSuite</span>
          </div> <!-- main-panel-header rounded-window-top -->
          <div class="main-panel-content rounded-window-bottom">
          </div> <!-- main-panel-content rounded-window-bottom -->
        </div> <!-- panel -->
        <div panel-name="ignored-methods-AllPagesTestSuite" class="panel">
          <div class="main-panel-header rounded-window-top">
            <span class="header-content">0 ignored methods</span>
          </div> <!-- main-panel-header rounded-window-top -->
          <div class="main-panel-content rounded-window-bottom">
          </div> <!-- main-panel-content rounded-window-bottom -->
        </div> <!-- panel -->
        <div panel-name="chronological-AllPagesTestSuite" class="panel">
          <div class="main-panel-header rounded-window-top">
            <span class="header-content">Methods in chronological order</span>
          </div> <!-- main-panel-header rounded-window-top -->
          <div class="main-panel-content rounded-window-bottom">
            <div class="chronological-class">
              <div class="chronological-class-name">testcases.CheckOutPage01Test</div> <!-- chronological-class-name -->
              <div class="configuration-method before">
                <img src="failed.png">
                </img>
                <span class="method-name">Setup</span>
                <span class="method-start">0 ms</span>
              </div> <!-- configuration-method before -->
              <div class="test-method">
                <span class="method-name">verifyClickOnCancelBtnTest</span>
                <span class="method-start">9414 ms</span>
              </div> <!-- test-method -->
              <div class="configuration-method after">
                <span class="method-name">closeBrowser</span>
                <span class="method-start">9424 ms</span>
              </div> <!-- configuration-method after -->
              <div class="configuration-method before">
                <span class="method-name">Setup</span>
                <span class="method-start">9448 ms</span>
              </div> <!-- configuration-method before -->
              <div class="test-method">
                <span class="method-name">verifyContinueBtnTest</span>
                <span class="method-start">9450 ms</span>
              </div> <!-- test-method -->
              <div class="configuration-method after">
                <span class="method-name">closeBrowser</span>
                <span class="method-start">9456 ms</span>
              </div> <!-- configuration-method after -->
              <div class="configuration-method before">
                <span class="method-name">Setup</span>
                <span class="method-start">9459 ms</span>
              </div> <!-- configuration-method before -->
              <div class="test-method">
                <span class="method-name">verifyPageLableTest</span>
                <span class="method-start">9460 ms</span>
              </div> <!-- test-method -->
              <div class="configuration-method after">
                <span class="method-name">closeBrowser</span>
                <span class="method-start">9465 ms</span>
              </div> <!-- configuration-method after -->
            </div> <!-- chronological-class -->
            <div class="chronological-class">
              <div class="chronological-class-name">testcases.LoginPageTestFM01</div> <!-- chronological-class-name -->
              <div class="configuration-method before">
                <span class="method-name">setUp</span>
                <span class="method-start">9468 ms</span>
              </div> <!-- configuration-method before -->
              <div class="test-method">
                <span class="method-name">verifyUrlTest</span>
                <span class="method-start">14021 ms</span>
              </div> <!-- test-method -->
              <div class="configuration-method after">
                <span class="method-name">closeBrowser([TestResult name=verifyUrlTest status=SUCCESS method=LoginPageTestFM01.verifyUrlTest()[pri:1, instan...)</span>
                <span class="method-start">15095 ms</span>
              </div> <!-- configuration-method after -->
              <div class="configuration-method before">
                <span class="method-name">setUp</span>
                <span class="method-start">15255 ms</span>
              </div> <!-- configuration-method before -->
              <div class="test-method">
                <span class="method-name">verifyTitleTest</span>
                <span class="method-start">20449 ms</span>
              </div> <!-- test-method -->
              <div class="configuration-method after">
                <span class="method-name">closeBrowser([TestResult name=verifyTitleTest status=SUCCESS method=LoginPageTestFM01.verifyTitleTest()[pri:2, in...)</span>
                <span class="method-start">20514 ms</span>
              </div> <!-- configuration-method after -->
              <div class="configuration-method before">
                <span class="method-name">setUp</span>
                <span class="method-start">20623 ms</span>
              </div> <!-- configuration-method before -->
              <div class="test-method">
                <span class="method-name">verifyLoginToApplicationTest</span>
                <span class="method-start">25312 ms</span>
              </div> <!-- test-method -->
              <div class="configuration-method after">
                <span class="method-name">closeBrowser([TestResult name=verifyLoginToApplicationTest status=SUCCESS method=LoginPageTestFM01.verifyLoginToA...)</span>
                <span class="method-start">25857 ms</span>
              </div> <!-- configuration-method after -->
            </div> <!-- chronological-class -->
            <div class="chronological-class">
              <div class="chronological-class-name">testcases.CartPageTestFM01</div> <!-- chronological-class-name -->
              <div class="configuration-method before">
                <span class="method-name">setUp</span>
                <span class="method-start">25968 ms</span>
              </div> <!-- configuration-method before -->
              <div class="test-method">
                <span class="method-name">verifyClickOnCheckoutBtnTest</span>
                <span class="method-start">31542 ms</span>
              </div> <!-- test-method -->
              <div class="configuration-method after">
                <span class="method-name">closeBrowser([TestResult name=verifyClickOnCheckoutBtnTest status=SUCCESS method=CartPageTestFM01.verifyClickOnCh...)</span>
                <span class="method-start">31696 ms</span>
              </div> <!-- configuration-method after -->
              <div class="configuration-method before">
                <span class="method-name">setUp</span>
                <span class="method-start">31845 ms</span>
              </div> <!-- configuration-method before -->
              <div class="test-method">
                <span class="method-name">verifyContinueShoppingBtnTest</span>
                <span class="method-start">36960 ms</span>
              </div> <!-- test-method -->
              <div class="configuration-method after">
                <span class="method-name">closeBrowser([TestResult name=verifyContinueShoppingBtnTest status=SUCCESS method=CartPageTestFM01.verifyContinue...)</span>
                <span class="method-start">37118 ms</span>
              </div> <!-- configuration-method after -->
              <div class="configuration-method before">
                <span class="method-name">setUp</span>
                <span class="method-start">37238 ms</span>
              </div> <!-- configuration-method before -->
              <div class="test-method">
                <span class="method-name">verifyCartPageLableTest</span>
                <span class="method-start">42422 ms</span>
              </div> <!-- test-method -->
              <div class="configuration-method after">
                <span class="method-name">closeBrowser([TestResult name=verifyCartPageLableTest status=SUCCESS method=CartPageTestFM01.verifyCartPageLableT...)</span>
                <span class="method-start">42504 ms</span>
              </div> <!-- configuration-method after -->
            </div> <!-- chronological-class -->
            <div class="chronological-class">
              <div class="chronological-class-name">testcases.InventoryPageTestFM01</div> <!-- chronological-class-name -->
              <div class="configuration-method before">
                <span class="method-name">setUp</span>
                <span class="method-start">42624 ms</span>
              </div> <!-- configuration-method before -->
              <div class="test-method">
                <span class="method-name">verifyClickOnCartIconTest</span>
                <span class="method-start">49529 ms</span>
              </div> <!-- test-method -->
              <div class="configuration-method after">
                <span class="method-name">closeBrowser([TestResult name=verifyClickOnCartIconTest status=SUCCESS method=InventoryPageTestFM01.verifyClickOn...)</span>
                <span class="method-start">49677 ms</span>
              </div> <!-- configuration-method after -->
              <div class="configuration-method before">
                <span class="method-name">setUp</span>
                <span class="method-start">49801 ms</span>
              </div> <!-- configuration-method before -->
              <div class="test-method">
                <span class="method-name">remove4ProductTest</span>
                <span class="method-start">56813 ms</span>
              </div> <!-- test-method -->
              <div class="configuration-method after">
                <span class="method-name">closeBrowser([TestResult name=remove4ProductTest status=SUCCESS method=InventoryPageTestFM01.remove4ProductTest()...)</span>
                <span class="method-start">57653 ms</span>
              </div> <!-- configuration-method after -->
              <div class="configuration-method before">
                <span class="method-name">setUp</span>
                <span class="method-start">57760 ms</span>
              </div> <!-- configuration-method before -->
              <div class="test-method">
                <span class="method-name">verifyTwitterLogoTest</span>
                <span class="method-start">64769 ms</span>
              </div> <!-- test-method -->
              <div class="configuration-method after">
                <span class="method-name">closeBrowser([TestResult name=verifyTwitterLogoTest status=SUCCESS method=InventoryPageTestFM01.verifyTwitterLogo...)</span>
                <span class="method-start">64822 ms</span>
              </div> <!-- configuration-method after -->
              <div class="configuration-method before">
                <span class="method-name">setUp</span>
                <span class="method-start">64941 ms</span>
              </div> <!-- configuration-method before -->
              <div class="test-method">
                <span class="method-name">verifyAdd6ProductTest</span>
                <span class="method-start">71327 ms</span>
              </div> <!-- test-method -->
              <div class="configuration-method after">
                <span class="method-name">closeBrowser([TestResult name=verifyAdd6ProductTest status=SUCCESS method=InventoryPageTestFM01.verifyAdd6Product...)</span>
                <span class="method-start">72042 ms</span>
              </div> <!-- configuration-method after -->
              <div class="configuration-method before">
                <span class="method-name">setUp</span>
                <span class="method-start">72198 ms</span>
              </div> <!-- configuration-method before -->
              <div class="test-method">
                <span class="method-name">verifyTitleTestIP</span>
                <span class="method-start">79697 ms</span>
              </div> <!-- test-method -->
              <div class="configuration-method after">
                <span class="method-name">closeBrowser([TestResult name=verifyTitleTestIP status=SUCCESS method=InventoryPageTestFM01.verifyTitleTestIP()[p...)</span>
                <span class="method-start">79741 ms</span>
              </div> <!-- configuration-method after -->
            </div> <!-- chronological-class -->
            <div class="chronological-class">
              <div class="chronological-class-name">testcases.CheckOutPage02Test</div> <!-- chronological-class-name -->
              <div class="configuration-method before">
                <span class="method-name">setUp</span>
                <span class="method-start">79855 ms</span>
              </div> <!-- configuration-method before -->
              <div class="test-method">
                <span class="method-name">cancelBtnTest</span>
                <span class="method-start">84607 ms</span>
              </div> <!-- test-method -->
              <div class="configuration-method after">
                <span class="method-name">closeBrowser([TestResult name=cancelBtnTest status=SUCCESS method=CheckOutPage02Test.cancelBtnTest()[pri:0, insta...)</span>
                <span class="method-start">84768 ms</span>
              </div> <!-- configuration-method after -->
              <div class="configuration-method before">
                <span class="method-name">setUp</span>
                <span class="method-start">84879 ms</span>
              </div> <!-- configuration-method before -->
              <div class="test-method">
                <span class="method-name">finishBtnTest</span>
                <span class="method-start">90765 ms</span>
              </div> <!-- test-method -->
              <div class="configuration-method after">
                <span class="method-name">closeBrowser([TestResult name=finishBtnTest status=SUCCESS method=CheckOutPage02Test.finishBtnTest()[pri:0, insta...)</span>
                <span class="method-start">90894 ms</span>
              </div> <!-- configuration-method after -->
              <div class="configuration-method before">
                <span class="method-name">setUp</span>
                <span class="method-start">90991 ms</span>
              </div> <!-- configuration-method before -->
              <div class="test-method">
                <span class="method-name">paymentInfoLableTest</span>
                <span class="method-start">96610 ms</span>
              </div> <!-- test-method -->
              <div class="configuration-method after">
                <span class="method-name">closeBrowser([TestResult name=paymentInfoLableTest status=SUCCESS method=CheckOutPage02Test.paymentInfoLableTest(...)</span>
                <span class="method-start">96676 ms</span>
              </div> <!-- configuration-method after -->
              <div class="configuration-method before">
                <span class="method-name">setUp</span>
                <span class="method-start">96775 ms</span>
              </div> <!-- configuration-method before -->
              <div class="test-method">
                <span class="method-name">paymentInfoValueTest</span>
                <span class="method-start">102783 ms</span>
              </div> <!-- test-method -->
              <div class="configuration-method after">
                <span class="method-name">closeBrowser([TestResult name=paymentInfoValueTest status=SUCCESS method=CheckOutPage02Test.paymentInfoValueTest(...)</span>
                <span class="method-start">102879 ms</span>
              </div> <!-- configuration-method after -->
              <div class="configuration-method before">
                <span class="method-name">setUp</span>
                <span class="method-start">102995 ms</span>
              </div> <!-- configuration-method before -->
              <div class="test-method">
                <span class="method-name">priceTotalLableTest</span>
                <span class="method-start">108895 ms</span>
              </div> <!-- test-method -->
              <div class="configuration-method after">
                <span class="method-name">closeBrowser([TestResult name=priceTotalLableTest status=SUCCESS method=CheckOutPage02Test.priceTotalLableTest()[...)</span>
                <span class="method-start">108961 ms</span>
              </div> <!-- configuration-method after -->
              <div class="configuration-method before">
                <span class="method-name">setUp</span>
                <span class="method-start">109071 ms</span>
              </div> <!-- configuration-method before -->
              <div class="test-method">
                <span class="method-name">shippingInfoLableTest</span>
                <span class="method-start">115917 ms</span>
              </div> <!-- test-method -->
              <div class="configuration-method after">
                <span class="method-name">closeBrowser([TestResult name=shippingInfoLableTest status=SUCCESS method=CheckOutPage02Test.shippingInfoLableTes...)</span>
                <span class="method-start">115974 ms</span>
              </div> <!-- configuration-method after -->
              <div class="configuration-method before">
                <span class="method-name">setUp</span>
                <span class="method-start">116089 ms</span>
              </div> <!-- configuration-method before -->
              <div class="test-method">
                <span class="method-name">verifyPageLableTest</span>
                <span class="method-start">121898 ms</span>
              </div> <!-- test-method -->
              <div class="configuration-method after">
                <span class="method-name">closeBrowser([TestResult name=verifyPageLableTest status=SUCCESS method=CheckOutPage02Test.verifyPageLableTest()[...)</span>
                <span class="method-start">123969 ms</span>
              </div> <!-- configuration-method after -->
          </div> <!-- main-panel-content rounded-window-bottom -->
        </div> <!-- panel -->
      </div> <!-- main-panel-root -->
    </div> <!-- wrapper -->
  </body>
<script type="text/javascript" src="testng-reports2.js"></script>
</html>
