<?xml version="1.0" encoding="UTF-8"?>
<!-- Generated by org.testng.reporters.JUnitXMLReporter -->
<testsuite ignored="0" hostname="LAPTOP-RORK2UUF" failures="4" tests="7" name="Login_Inventory_Test" time="63.633" errors="0" timestamp="2024-04-25T18:55:36 IST">
  <testcase classname="testcases.LoginPageTestFM01" name="verifyLoginToApplicationTest" time="1.974"/>
  <testcase classname="testcases.LoginPageTestFM01" name="verifyTitleTest" time="0.079">
    <failure type="java.lang.AssertionError" message="expected [Swag Labs] but found [https://www.saucedemo.com/]">
      <![CDATA[java.lang.AssertionError: expected [Swag Labs] but found [https://www.saucedemo.com/]
at testcases.LoginPageTestFM01.verifyTitleTest(LoginPageTestFM01.java:41)
at java.base/java.util.ArrayList.forEach(ArrayList.java:1511)
... Removed 33 stack frames]]>
    </failure>
  </testcase> <!-- verifyTitleTest -->
  <testcase classname="testcases.LoginPageTestFM01" name="verifyUrlTest" time="0.085">
    <failure type="java.lang.AssertionError" message="expected [https://www.saucedemo.com/] but found [Swag Labs]">
      <![CDATA[java.lang.AssertionError: expected [https://www.saucedemo.com/] but found [Swag Labs]
at testcases.LoginPageTestFM01.verifyUrlTest(LoginPageTestFM01.java:49)
at java.base/java.util.ArrayList.forEach(ArrayList.java:1511)
... Removed 33 stack frames]]>
    </failure>
  </testcase> <!-- verifyUrlTest -->
  <testcase classname="testcases.InventoryPageTestFM01" name="remove4ProductTest" time="0.877"/>
  <testcase classname="testcases.InventoryPageTestFM01" name="verifyAdd6ProductTest" time="0.558">
    <failure type="java.lang.AssertionError" message="expected [6] but found [Your Cart]">
      <![CDATA[java.lang.AssertionError: expected [6] but found [Your Cart]
at testcases.InventoryPageTestFM01.verifyAdd6ProductTest(InventoryPageTestFM01.java:46)
at java.base/java.util.ArrayList.forEach(ArrayList.java:1511)
... Removed 33 stack frames]]>
    </failure>
  </testcase> <!-- verifyAdd6ProductTest -->
  <testcase classname="testcases.InventoryPageTestFM01" name="verifyTitleTestIP" time="0.054">
    <failure type="java.lang.AssertionError" message="expected [Swag Labs] but found [https://www.saucedemo.com/cart.html]">
      <![CDATA[java.lang.AssertionError: expected [Swag Labs] but found [https://www.saucedemo.com/cart.html]
at testcases.InventoryPageTestFM01.verifyTitleTestIP(InventoryPageTestFM01.java:38)
at java.base/java.util.ArrayList.forEach(ArrayList.java:1511)
... Removed 33 stack frames]]>
    </failure>
  </testcase> <!-- verifyTitleTestIP -->
  <testcase classname="testcases.InventoryPageTestFM01" name="verifyTwitterLogoTest" time="0.092"/>
</testsuite> <!-- Login_Inventory_Test -->
